{"numTotalTestSuites":9,"numPassedTestSuites":1,"numFailedTestSuites":8,"numPendingTestSuites":0,"numTotalTests":20,"numPassedTests":8,"numFailedTests":12,"numPendingTests":0,"numTodoTests":0,"snapshot":{"added":0,"failure":false,"filesAdded":0,"filesRemoved":0,"filesRemovedList":[],"filesUnmatched":0,"filesUpdated":0,"matched":0,"total":0,"unchecked":0,"uncheckedKeysByFile":[],"unmatched":0,"updated":0,"didUpdate":false},"startTime":1764532249480,"success":false,"testResults":[{"assertionResults":[{"ancestorTitles":["useInfiniteScroll","Basic functionality"],"fullName":"useInfiniteScroll Basic functionality should return observerTarget ref and isFetching state","status":"passed","title":"should return observerTarget ref and isFetching state","duration":8.00224099999997,"failureMessages":[],"location":{"line":64,"column":5},"meta":{}},{"ancestorTitles":["useInfiniteScroll","Basic functionality"],"fullName":"useInfiniteScroll Basic functionality should call onLoadMore when target intersects","status":"failed","title":"should call onLoadMore when target intersects","duration":1006.286808,"failureMessages":["AssertionError: expected \"spy\" to be called 1 times, but got 0 times\n\nIgnored nodes: comments, script, style\n\u001b[36m<html>\u001b[39m\n  \u001b[36m<head />\u001b[39m\n  \u001b[36m<body>\u001b[39m\n    \u001b[36m<div />\u001b[39m\n  \u001b[36m</body>\u001b[39m\n\u001b[36m</html>\u001b[39m\n    at /mnt/data/src/matchering/auralis-web/frontend/src/hooks/__tests__/useInfiniteScroll.test.ts:102:28\n    at runWithExpensiveErrorDiagnosticsDisabled (/mnt/data/src/matchering/auralis-web/frontend/node_modules/@testing-library/dom/dist/config.js:47:12)\n    at checkCallback (/mnt/data/src/matchering/auralis-web/frontend/node_modules/@testing-library/dom/dist/wait-for.js:124:77)\n    at Timeout.checkRealTimersCallback (/mnt/data/src/matchering/auralis-web/frontend/node_modules/@testing-library/dom/dist/wait-for.js:118:16)\n    at listOnTimeout (node:internal/timers:608:17)\n    at processTimers (node:internal/timers:543:7)"],"location":{"line":80,"column":5},"meta":{}},{"ancestorTitles":["useInfiniteScroll","Basic functionality"],"fullName":"useInfiniteScroll Basic functionality should not call onLoadMore when hasMore is false","status":"passed","title":"should not call onLoadMore when hasMore is false","duration":4.208186999999953,"failureMessages":[],"location":{"line":106,"column":5},"meta":{}},{"ancestorTitles":["useInfiniteScroll","Basic functionality"],"fullName":"useInfiniteScroll Basic functionality should not call onLoadMore when isLoading is true","status":"passed","title":"should not call onLoadMore when isLoading is true","duration":3.965498000000025,"failureMessages":[],"location":{"line":127,"column":5},"meta":{}},{"ancestorTitles":["useInfiniteScroll","Basic functionality"],"fullName":"useInfiniteScroll Basic functionality should reflect isLoading in isFetching","status":"passed","title":"should reflect isLoading in isFetching","duration":2.7027510000000348,"failureMessages":[],"location":{"line":148,"column":5},"meta":{}},{"ancestorTitles":["useInfiniteScroll","Options"],"fullName":"useInfiniteScroll Options should use custom threshold","status":"failed","title":"should use custom threshold","duration":3.885586999999987,"failureMessages":["AssertionError: expected \"spy\" to be called with arguments: [ Any<Function>, ObjectContaining{…} ]\u001b[90m\n\nNumber of calls: \u001b[1m0\u001b[22m\n\u001b[39m\n    at Proxy.<anonymous> (file:///mnt/data/src/matchering/auralis-web/frontend/node_modules/@vitest/expect/dist/index.js:1355:10)\n    at Proxy.<anonymous> (file:///mnt/data/src/matchering/auralis-web/frontend/node_modules/@vitest/expect/dist/index.js:1029:14)\n    at Proxy.methodWrapper (file:///mnt/data/src/matchering/auralis-web/frontend/node_modules/chai/index.js:1686:25)\n    at /mnt/data/src/matchering/auralis-web/frontend/src/hooks/__tests__/useInfiniteScroll.test.ts:176:43\n    at file:///mnt/data/src/matchering/auralis-web/frontend/node_modules/@vitest/runner/dist/chunk-hooks.js:155:11\n    at file:///mnt/data/src/matchering/auralis-web/frontend/node_modules/@vitest/runner/dist/chunk-hooks.js:752:26\n    at file:///mnt/data/src/matchering/auralis-web/frontend/node_modules/@vitest/runner/dist/chunk-hooks.js:1897:20\n    at new Promise (<anonymous>)\n    at runWithTimeout (file:///mnt/data/src/matchering/auralis-web/frontend/node_modules/@vitest/runner/dist/chunk-hooks.js:1863:10)\n    at runTest (file:///mnt/data/src/matchering/auralis-web/frontend/node_modules/@vitest/runner/dist/chunk-hooks.js:1574:12)"],"location":{"line":164,"column":5},"meta":{}},{"ancestorTitles":["useInfiniteScroll","Options"],"fullName":"useInfiniteScroll Options should use default threshold of 0.8","status":"failed","title":"should use default threshold of 0.8","duration":2.840310000000045,"failureMessages":["AssertionError: expected \"spy\" to be called with arguments: [ Any<Function>, ObjectContaining{…} ]\u001b[90m\n\nNumber of calls: \u001b[1m0\u001b[22m\n\u001b[39m\n    at Proxy.<anonymous> (file:///mnt/data/src/matchering/auralis-web/frontend/node_modules/@vitest/expect/dist/index.js:1355:10)\n    at Proxy.<anonymous> (file:///mnt/data/src/matchering/auralis-web/frontend/node_modules/@vitest/expect/dist/index.js:1029:14)\n    at Proxy.methodWrapper (file:///mnt/data/src/matchering/auralis-web/frontend/node_modules/chai/index.js:1686:25)\n    at /mnt/data/src/matchering/auralis-web/frontend/src/hooks/__tests__/useInfiniteScroll.test.ts:193:43\n    at file:///mnt/data/src/matchering/auralis-web/frontend/node_modules/@vitest/runner/dist/chunk-hooks.js:155:11\n    at file:///mnt/data/src/matchering/auralis-web/frontend/node_modules/@vitest/runner/dist/chunk-hooks.js:752:26\n    at file:///mnt/data/src/matchering/auralis-web/frontend/node_modules/@vitest/runner/dist/chunk-hooks.js:1897:20\n    at new Promise (<anonymous>)\n    at runWithTimeout (file:///mnt/data/src/matchering/auralis-web/frontend/node_modules/@vitest/runner/dist/chunk-hooks.js:1863:10)\n    at runTest (file:///mnt/data/src/matchering/auralis-web/frontend/node_modules/@vitest/runner/dist/chunk-hooks.js:1574:12)"],"location":{"line":182,"column":5},"meta":{}},{"ancestorTitles":["useInfiniteScroll","Options"],"fullName":"useInfiniteScroll Options should use custom rootMargin","status":"failed","title":"should use custom rootMargin","duration":2.8701069999999618,"failureMessages":["AssertionError: expected \"spy\" to be called with arguments: [ Any<Function>, ObjectContaining{…} ]\u001b[90m\n\nNumber of calls: \u001b[1m0\u001b[22m\n\u001b[39m\n    at Proxy.<anonymous> (file:///mnt/data/src/matchering/auralis-web/frontend/node_modules/@vitest/expect/dist/index.js:1355:10)\n    at Proxy.<anonymous> (file:///mnt/data/src/matchering/auralis-web/frontend/node_modules/@vitest/expect/dist/index.js:1029:14)\n    at Proxy.methodWrapper (file:///mnt/data/src/matchering/auralis-web/frontend/node_modules/chai/index.js:1686:25)\n    at /mnt/data/src/matchering/auralis-web/frontend/src/hooks/__tests__/useInfiniteScroll.test.ts:211:43\n    at file:///mnt/data/src/matchering/auralis-web/frontend/node_modules/@vitest/runner/dist/chunk-hooks.js:155:11\n    at file:///mnt/data/src/matchering/auralis-web/frontend/node_modules/@vitest/runner/dist/chunk-hooks.js:752:26\n    at file:///mnt/data/src/matchering/auralis-web/frontend/node_modules/@vitest/runner/dist/chunk-hooks.js:1897:20\n    at new Promise (<anonymous>)\n    at runWithTimeout (file:///mnt/data/src/matchering/auralis-web/frontend/node_modules/@vitest/runner/dist/chunk-hooks.js:1863:10)\n    at runTest (file:///mnt/data/src/matchering/auralis-web/frontend/node_modules/@vitest/runner/dist/chunk-hooks.js:1574:12)"],"location":{"line":199,"column":5},"meta":{}},{"ancestorTitles":["useInfiniteScroll","Options"],"fullName":"useInfiniteScroll Options should use default rootMargin of 100px","status":"failed","title":"should use default rootMargin of 100px","duration":2.8859879999999976,"failureMessages":["AssertionError: expected \"spy\" to be called with arguments: [ Any<Function>, ObjectContaining{…} ]\u001b[90m\n\nNumber of calls: \u001b[1m0\u001b[22m\n\u001b[39m\n    at Proxy.<anonymous> (file:///mnt/data/src/matchering/auralis-web/frontend/node_modules/@vitest/expect/dist/index.js:1355:10)\n    at Proxy.<anonymous> (file:///mnt/data/src/matchering/auralis-web/frontend/node_modules/@vitest/expect/dist/index.js:1029:14)\n    at Proxy.methodWrapper (file:///mnt/data/src/matchering/auralis-web/frontend/node_modules/chai/index.js:1686:25)\n    at /mnt/data/src/matchering/auralis-web/frontend/src/hooks/__tests__/useInfiniteScroll.test.ts:228:43\n    at file:///mnt/data/src/matchering/auralis-web/frontend/node_modules/@vitest/runner/dist/chunk-hooks.js:155:11\n    at file:///mnt/data/src/matchering/auralis-web/frontend/node_modules/@vitest/runner/dist/chunk-hooks.js:752:26\n    at file:///mnt/data/src/matchering/auralis-web/frontend/node_modules/@vitest/runner/dist/chunk-hooks.js:1897:20\n    at new Promise (<anonymous>)\n    at runWithTimeout (file:///mnt/data/src/matchering/auralis-web/frontend/node_modules/@vitest/runner/dist/chunk-hooks.js:1863:10)\n    at runTest (file:///mnt/data/src/matchering/auralis-web/frontend/node_modules/@vitest/runner/dist/chunk-hooks.js:1574:12)"],"location":{"line":217,"column":5},"meta":{}},{"ancestorTitles":["useInfiniteScroll","Loading state management"],"fullName":"useInfiniteScroll Loading state management should set isFetching to true while loading","status":"failed","title":"should set isFetching to true while loading","duration":1005.45847,"failureMessages":["AssertionError: expected false to be true // Object.is equality\n\nIgnored nodes: comments, script, style\n\u001b[36m<html>\u001b[39m\n  \u001b[36m<head />\u001b[39m\n  \u001b[36m<body>\u001b[39m\n    \u001b[36m<div />\u001b[39m\n  \u001b[36m</body>\u001b[39m\n\u001b[36m</html>\u001b[39m\n    at /mnt/data/src/matchering/auralis-web/frontend/src/hooks/__tests__/useInfiniteScroll.test.ts:258:43\n    at runWithExpensiveErrorDiagnosticsDisabled (/mnt/data/src/matchering/auralis-web/frontend/node_modules/@testing-library/dom/dist/config.js:47:12)\n    at checkCallback (/mnt/data/src/matchering/auralis-web/frontend/node_modules/@testing-library/dom/dist/wait-for.js:124:77)\n    at Timeout.checkRealTimersCallback (/mnt/data/src/matchering/auralis-web/frontend/node_modules/@testing-library/dom/dist/wait-for.js:118:16)\n    at listOnTimeout (node:internal/timers:608:17)\n    at processTimers (node:internal/timers:543:7)"],"location":{"line":236,"column":5},"meta":{}},{"ancestorTitles":["useInfiniteScroll","Loading state management"],"fullName":"useInfiniteScroll Loading state management should not trigger multiple loads simultaneously","status":"failed","title":"should not trigger multiple loads simultaneously","duration":1002.4221299999999,"failureMessages":["AssertionError: expected \"spy\" to be called 1 times, but got 0 times\n\nIgnored nodes: comments, script, style\n\u001b[36m<html>\u001b[39m\n  \u001b[36m<head />\u001b[39m\n  \u001b[36m<body>\u001b[39m\n    \u001b[36m<div />\u001b[39m\n  \u001b[36m</body>\u001b[39m\n\u001b[36m</html>\u001b[39m\n    at /mnt/data/src/matchering/auralis-web/frontend/src/hooks/__tests__/useInfiniteScroll.test.ts:290:28\n    at runWithExpensiveErrorDiagnosticsDisabled (/mnt/data/src/matchering/auralis-web/frontend/node_modules/@testing-library/dom/dist/config.js:47:12)\n    at checkCallback (/mnt/data/src/matchering/auralis-web/frontend/node_modules/@testing-library/dom/dist/wait-for.js:124:77)\n    at Timeout.checkRealTimersCallback (/mnt/data/src/matchering/auralis-web/frontend/node_modules/@testing-library/dom/dist/wait-for.js:118:16)\n    at listOnTimeout (node:internal/timers:608:17)\n    at processTimers (node:internal/timers:543:7)"],"location":{"line":268,"column":5},"meta":{}},{"ancestorTitles":["useInfiniteScroll","Error handling"],"fullName":"useInfiniteScroll Error handling should handle onLoadMore errors gracefully","status":"failed","title":"should handle onLoadMore errors gracefully","duration":1004.6322489999998,"failureMessages":["AssertionError: expected \"error\" to be called with arguments: [ 'Error loading more items:', …(1) ]\u001b[90m\n\nNumber of calls: \u001b[1m0\u001b[22m\n\u001b[39m\n\nIgnored nodes: comments, script, style\n\u001b[36m<html>\u001b[39m\n  \u001b[36m<head />\u001b[39m\n  \u001b[36m<body>\u001b[39m\n    \u001b[36m<div />\u001b[39m\n  \u001b[36m</body>\u001b[39m\n\u001b[36m</html>\u001b[39m\n    at Proxy.<anonymous> (file:///mnt/data/src/matchering/auralis-web/frontend/node_modules/@vitest/expect/dist/index.js:1355:10)\n    at Proxy.<anonymous> (file:///mnt/data/src/matchering/auralis-web/frontend/node_modules/@vitest/expect/dist/index.js:1029:14)\n    at Proxy.methodWrapper (file:///mnt/data/src/matchering/auralis-web/frontend/node_modules/chai/index.js:1686:25)\n    at /mnt/data/src/matchering/auralis-web/frontend/src/hooks/__tests__/useInfiniteScroll.test.ts:313:31\n    at runWithExpensiveErrorDiagnosticsDisabled (/mnt/data/src/matchering/auralis-web/frontend/node_modules/@testing-library/dom/dist/config.js:47:12)\n    at checkCallback (/mnt/data/src/matchering/auralis-web/frontend/node_modules/@testing-library/dom/dist/wait-for.js:124:77)\n    at Timeout.checkRealTimersCallback (/mnt/data/src/matchering/auralis-web/frontend/node_modules/@testing-library/dom/dist/wait-for.js:118:16)\n    at listOnTimeout (node:internal/timers:608:17)\n    at processTimers (node:internal/timers:543:7)"],"location":{"line":296,"column":5},"meta":{}},{"ancestorTitles":["useInfiniteScroll","Error handling"],"fullName":"useInfiniteScroll Error handling should allow retry after error","status":"failed","title":"should allow retry after error","duration":1003.7237210000003,"failureMessages":["AssertionError: expected \"spy\" to be called 1 times, but got 0 times\n\nIgnored nodes: comments, script, style\n\u001b[36m<html>\u001b[39m\n  \u001b[36m<head />\u001b[39m\n  \u001b[36m<body>\u001b[39m\n    \u001b[36m<div />\u001b[39m\n  \u001b[36m</body>\u001b[39m\n\u001b[36m</html>\u001b[39m\n    at /mnt/data/src/matchering/auralis-web/frontend/src/hooks/__tests__/useInfiniteScroll.test.ts:350:28\n    at runWithExpensiveErrorDiagnosticsDisabled (/mnt/data/src/matchering/auralis-web/frontend/node_modules/@testing-library/dom/dist/config.js:47:12)\n    at checkCallback (/mnt/data/src/matchering/auralis-web/frontend/node_modules/@testing-library/dom/dist/wait-for.js:124:77)\n    at Timeout.checkRealTimersCallback (/mnt/data/src/matchering/auralis-web/frontend/node_modules/@testing-library/dom/dist/wait-for.js:118:16)\n    at listOnTimeout (node:internal/timers:608:17)\n    at processTimers (node:internal/timers:543:7)"],"location":{"line":325,"column":5},"meta":{}},{"ancestorTitles":["useInfiniteScroll","Observer lifecycle"],"fullName":"useInfiniteScroll Observer lifecycle should create observer when target is set","status":"failed","title":"should create observer when target is set","duration":2.9550570000001244,"failureMessages":["AssertionError: expected \"spy\" to be called at least once\n    at Proxy.<anonymous> (file:///mnt/data/src/matchering/auralis-web/frontend/node_modules/@vitest/expect/dist/index.js:1335:10)\n    at Proxy.<anonymous> (file:///mnt/data/src/matchering/auralis-web/frontend/node_modules/@vitest/expect/dist/index.js:1029:14)\n    at Proxy.methodWrapper (file:///mnt/data/src/matchering/auralis-web/frontend/node_modules/chai/index.js:1686:25)\n    at /mnt/data/src/matchering/auralis-web/frontend/src/hooks/__tests__/useInfiniteScroll.test.ts:378:43\n    at file:///mnt/data/src/matchering/auralis-web/frontend/node_modules/@vitest/runner/dist/chunk-hooks.js:155:11\n    at file:///mnt/data/src/matchering/auralis-web/frontend/node_modules/@vitest/runner/dist/chunk-hooks.js:752:26\n    at file:///mnt/data/src/matchering/auralis-web/frontend/node_modules/@vitest/runner/dist/chunk-hooks.js:1897:20\n    at new Promise (<anonymous>)\n    at runWithTimeout (file:///mnt/data/src/matchering/auralis-web/frontend/node_modules/@vitest/runner/dist/chunk-hooks.js:1863:10)\n    at runTest (file:///mnt/data/src/matchering/auralis-web/frontend/node_modules/@vitest/runner/dist/chunk-hooks.js:1574:12)"],"location":{"line":367,"column":5},"meta":{}},{"ancestorTitles":["useInfiniteScroll","Observer lifecycle"],"fullName":"useInfiniteScroll Observer lifecycle should cleanup observer on unmount","status":"failed","title":"should cleanup observer on unmount","duration":2.9389469999996436,"failureMessages":["AssertionError: expected \"spy\" to be called with arguments: [ <div></div> ]\u001b[90m\n\nNumber of calls: \u001b[1m0\u001b[22m\n\u001b[39m\n    at Proxy.<anonymous> (file:///mnt/data/src/matchering/auralis-web/frontend/node_modules/@vitest/expect/dist/index.js:1355:10)\n    at Proxy.<anonymous> (file:///mnt/data/src/matchering/auralis-web/frontend/node_modules/@vitest/expect/dist/index.js:1029:14)\n    at Proxy.methodWrapper (file:///mnt/data/src/matchering/auralis-web/frontend/node_modules/chai/index.js:1686:25)\n    at /mnt/data/src/matchering/auralis-web/frontend/src/hooks/__tests__/useInfiniteScroll.test.ts:406:28\n    at file:///mnt/data/src/matchering/auralis-web/frontend/node_modules/@vitest/runner/dist/chunk-hooks.js:155:11\n    at file:///mnt/data/src/matchering/auralis-web/frontend/node_modules/@vitest/runner/dist/chunk-hooks.js:752:26\n    at file:///mnt/data/src/matchering/auralis-web/frontend/node_modules/@vitest/runner/dist/chunk-hooks.js:1897:20\n    at new Promise (<anonymous>)\n    at runWithTimeout (file:///mnt/data/src/matchering/auralis-web/frontend/node_modules/@vitest/runner/dist/chunk-hooks.js:1863:10)\n    at runTest (file:///mnt/data/src/matchering/auralis-web/frontend/node_modules/@vitest/runner/dist/chunk-hooks.js:1574:12)"],"location":{"line":384,"column":5},"meta":{}},{"ancestorTitles":["useInfiniteScroll","Dynamic prop updates"],"fullName":"useInfiniteScroll Dynamic prop updates should respond to hasMore changes","status":"failed","title":"should respond to hasMore changes","duration":1004.1781700000001,"failureMessages":["AssertionError: expected \"spy\" to be called 1 times, but got 0 times\n\nIgnored nodes: comments, script, style\n\u001b[36m<html>\u001b[39m\n  \u001b[36m<head />\u001b[39m\n  \u001b[36m<body>\u001b[39m\n    \u001b[36m<div />\u001b[39m\n  \u001b[36m</body>\u001b[39m\n\u001b[36m</html>\u001b[39m\n    at /mnt/data/src/matchering/auralis-web/frontend/src/hooks/__tests__/useInfiniteScroll.test.ts:431:28\n    at runWithExpensiveErrorDiagnosticsDisabled (/mnt/data/src/matchering/auralis-web/frontend/node_modules/@testing-library/dom/dist/config.js:47:12)\n    at checkCallback (/mnt/data/src/matchering/auralis-web/frontend/node_modules/@testing-library/dom/dist/wait-for.js:124:77)\n    at Timeout.checkRealTimersCallback (/mnt/data/src/matchering/auralis-web/frontend/node_modules/@testing-library/dom/dist/wait-for.js:118:16)\n    at listOnTimeout (node:internal/timers:608:17)\n    at processTimers (node:internal/timers:543:7)"],"location":{"line":411,"column":5},"meta":{}},{"ancestorTitles":["useInfiniteScroll","Dynamic prop updates"],"fullName":"useInfiniteScroll Dynamic prop updates should respond to isLoading changes","status":"passed","title":"should respond to isLoading changes","duration":2.9246000000002823,"failureMessages":[],"location":{"line":445,"column":5},"meta":{}},{"ancestorTitles":["useInfiniteScroll","Edge cases"],"fullName":"useInfiniteScroll Edge cases should handle null target gracefully","status":"passed","title":"should handle null target gracefully","duration":2.668666000000485,"failureMessages":[],"location":{"line":467,"column":5},"meta":{}},{"ancestorTitles":["useInfiniteScroll","Edge cases"],"fullName":"useInfiniteScroll Edge cases should handle non-intersecting entries","status":"passed","title":"should handle non-intersecting entries","duration":3.971849999999904,"failureMessages":[],"location":{"line":487,"column":5},"meta":{}},{"ancestorTitles":["useInfiniteScroll","Edge cases"],"fullName":"useInfiniteScroll Edge cases should handle rapid hasMore toggles","status":"passed","title":"should handle rapid hasMore toggles","duration":6.2120560000003024,"failureMessages":[],"location":{"line":509,"column":5},"meta":{}}],"startTime":1764532249926,"endTime":1764532256006.2122,"status":"failed","message":"","name":"/mnt/data/src/matchering/auralis-web/frontend/src/hooks/__tests__/useInfiniteScroll.test.ts"}]}