{"meta": {"format": 3, "version": "7.10.6", "timestamp": "2025-09-29T10:42:00.171302", "branch_coverage": false, "show_contexts": false}, "files": {"auralis/__init__.py": {"executed_lines": [3, 15, 16, 17, 18, 19, 22, 23, 26, 27, 28, 31, 34, 37, 48, 49, 50, 51, 54], "summary": {"covered_lines": 18, "num_statements": 20, "percent_covered": 90.0, "percent_covered_display": "90", "missing_lines": 2, "excluded_lines": 0}, "missing_lines": [63, 65], "excluded_lines": [], "functions": {"": {"executed_lines": [3, 15, 16, 17, 18, 19, 22, 23, 26, 27, 28, 31, 34, 37, 48, 49, 50, 51, 54], "summary": {"covered_lines": 18, "num_statements": 20, "percent_covered": 90.0, "percent_covered_display": "90", "missing_lines": 2, "excluded_lines": 0}, "missing_lines": [63, 65], "excluded_lines": []}}, "classes": {"": {"executed_lines": [3, 15, 16, 17, 18, 19, 22, 23, 26, 27, 28, 31, 34, 37, 48, 49, 50, 51, 54], "summary": {"covered_lines": 18, "num_statements": 20, "percent_covered": 90.0, "percent_covered_display": "90", "missing_lines": 2, "excluded_lines": 0}, "missing_lines": [63, 65], "excluded_lines": []}}}, "auralis/analysis/__init__.py": {"executed_lines": [3, 13, 14, 15, 16, 17, 19], "summary": {"covered_lines": 6, "num_statements": 6, "percent_covered": 100.0, "percent_covered_display": "100", "missing_lines": 0, "excluded_lines": 0}, "missing_lines": [], "excluded_lines": [], "functions": {"": {"executed_lines": [3, 13, 14, 15, 16, 17, 19], "summary": {"covered_lines": 6, "num_statements": 6, "percent_covered": 100.0, "percent_covered_display": "100", "missing_lines": 0, "excluded_lines": 0}, "missing_lines": [], "excluded_lines": []}}, "classes": {"": {"executed_lines": [3, 13, 14, 15, 16, 17, 19], "summary": {"covered_lines": 6, "num_statements": 6, "percent_covered": 100.0, "percent_covered_display": "100", "missing_lines": 0, "excluded_lines": 0}, "missing_lines": [], "excluded_lines": []}}}, "auralis/analysis/content_analysis.py": {"executed_lines": [3, 15, 16, 17, 18, 19, 21, 22, 23, 24, 25, 26, 30, 33, 34, 35, 37, 38, 39, 40, 43, 44, 45, 46, 49, 50, 51, 54, 55, 56, 59, 60, 63, 64, 65, 66, 67, 68, 69, 72, 73, 74, 75, 76, 77, 78, 79, 82, 83, 84, 85, 86, 87, 88, 89, 90, 93, 94, 96, 97, 100, 107, 108, 109, 110, 113, 116, 118, 128, 131, 132, 133, 139, 142, 145, 148, 151, 154, 158, 167, 170, 172, 177, 178, 179, 180, 183, 184, 185, 186, 189, 190, 191, 194, 195, 196, 199, 200, 202, 221, 223, 224, 226, 227, 228, 229, 230, 231, 233, 236, 237, 238, 240, 241, 245, 247, 248, 249, 252, 253, 255, 256, 259, 261, 262, 264, 265, 267, 268, 269, 271, 272, 273, 275, 277, 279, 282, 285, 286, 288, 289, 292, 294, 298, 299, 301, 302, 303, 304, 307, 308, 310, 311, 312, 314, 315, 317, 318, 319, 320, 322, 324, 327, 328, 329, 331, 335, 336, 339, 340, 342, 345, 346, 349, 350, 352, 354, 356, 357, 360, 361, 363, 367, 368, 370, 371, 375, 377, 379, 382, 383, 384, 387, 389, 390, 391, 393, 396, 397, 398, 400, 401, 403, 404, 405, 407, 409, 412, 415, 416, 419, 420, 422, 423, 424, 425, 427, 428, 430, 431, 433, 435, 437, 439, 443, 445, 449, 450, 452, 453, 454, 458, 460, 461, 463, 464, 466, 467, 468, 470, 472, 473, 475, 477, 479, 481, 483, 486, 488, 489, 491, 492, 495, 496, 498, 500, 502, 504, 505, 506, 509, 510, 511, 513, 514, 515, 516, 517, 518, 519, 520, 521, 525, 528, 529, 532, 537, 538, 539, 540, 542, 549, 553, 554, 555, 556, 561, 562, 563, 564, 567, 568, 569, 570, 573, 574, 575, 577, 580, 581, 583, 584, 585, 587, 595, 597, 600, 601, 604, 607, 610, 611, 613, 621, 627, 637, 639, 643, 644, 645, 646, 649, 651, 652, 657, 659, 662, 664, 666, 704, 706, 721, 723, 724], "summary": {"covered_lines": 328, "num_statements": 357, "percent_covered": 91.87675070028011, "percent_covered_display": "92", "missing_lines": 29, "excluded_lines": 0}, "missing_lines": [135, 136, 234, 243, 257, 295, 332, 343, 347, 364, 373, 380, 440, 446, 456, 522, 523, 533, 534, 558, 576, 582, 598, 638, 640, 650, 654, 658, 660], "excluded_lines": [], "functions": {"AdvancedContentAnalyzer.__init__": {"executed_lines": [97, 100, 107, 108, 109, 110, 113, 116], "summary": {"covered_lines": 8, "num_statements": 8, "percent_covered": 100.0, "percent_covered_display": "100", "missing_lines": 0, "excluded_lines": 0}, "missing_lines": [], "excluded_lines": []}, "AdvancedContentAnalyzer.analyze_content": {"executed_lines": [128, 131, 132, 133, 139, 142, 145, 148, 151, 154, 158, 167, 170], "summary": {"covered_lines": 13, "num_statements": 15, "percent_covered": 86.66666666666667, "percent_covered_display": "87", "missing_lines": 2, "excluded_lines": 0}, "missing_lines": [135, 136], "excluded_lines": []}, "AdvancedContentAnalyzer._extract_content_features": {"executed_lines": [177, 178, 179, 180, 183, 184, 185, 186, 189, 190, 191, 194, 195, 196, 199, 200, 202], "summary": {"covered_lines": 17, "num_statements": 17, "percent_covered": 100.0, "percent_covered_display": "100", "missing_lines": 0, "excluded_lines": 0}, "missing_lines": [], "excluded_lines": []}, "AdvancedContentAnalyzer._calculate_dynamic_range": {"executed_lines": [223, 224, 226, 227, 228, 229, 230, 231, 233, 236, 237, 238, 240, 241], "summary": {"covered_lines": 14, "num_statements": 16, "percent_covered": 87.5, "percent_covered_display": "88", "missing_lines": 2, "excluded_lines": 0}, "missing_lines": [234, 243], "excluded_lines": []}, "AdvancedContentAnalyzer._calculate_spectral_spread": {"executed_lines": [247, 248, 249, 252, 253, 255, 256], "summary": {"covered_lines": 7, "num_statements": 8, "percent_covered": 87.5, "percent_covered_display": "88", "missing_lines": 1, "excluded_lines": 0}, "missing_lines": [257], "excluded_lines": []}, "AdvancedContentAnalyzer._calculate_spectral_flux": {"executed_lines": [261, 262, 264, 265, 267, 268, 269, 271, 272, 273, 275, 277], "summary": {"covered_lines": 12, "num_statements": 12, "percent_covered": 100.0, "percent_covered_display": "100", "missing_lines": 0, "excluded_lines": 0}, "missing_lines": [], "excluded_lines": []}, "AdvancedContentAnalyzer._estimate_attack_time": {"executed_lines": [282, 285, 286, 288, 289, 292, 294, 298, 299, 301, 302, 303, 304, 307, 308, 310, 311, 312, 314, 315, 317, 318, 319, 320, 322], "summary": {"covered_lines": 25, "num_statements": 26, "percent_covered": 96.15384615384616, "percent_covered_display": "96", "missing_lines": 1, "excluded_lines": 0}, "missing_lines": [295], "excluded_lines": []}, "AdvancedContentAnalyzer._estimate_fundamental_frequency": {"executed_lines": [327, 328, 329, 331, 335, 336, 339, 340, 342, 345, 346, 349, 350, 352], "summary": {"covered_lines": 14, "num_statements": 17, "percent_covered": 82.3529411764706, "percent_covered_display": "82", "missing_lines": 3, "excluded_lines": 0}, "missing_lines": [332, 343, 347], "excluded_lines": []}, "AdvancedContentAnalyzer._calculate_harmonic_ratio": {"executed_lines": [356, 357, 360, 361, 363, 367, 368, 370, 371], "summary": {"covered_lines": 9, "num_statements": 11, "percent_covered": 81.81818181818181, "percent_covered_display": "82", "missing_lines": 2, "excluded_lines": 0}, "missing_lines": [364, 373], "excluded_lines": []}, "AdvancedContentAnalyzer._calculate_inharmonicity": {"executed_lines": [377, 379, 382, 383, 384, 387, 389, 390, 391, 393, 396, 397, 398, 400, 401, 403, 404, 405, 407], "summary": {"covered_lines": 19, "num_statements": 20, "percent_covered": 95.0, "percent_covered_display": "95", "missing_lines": 1, "excluded_lines": 0}, "missing_lines": [380], "excluded_lines": []}, "AdvancedContentAnalyzer._calculate_rhythm_strength": {"executed_lines": [412, 415, 416, 419, 420, 422, 423, 424, 425, 427, 428, 430, 431, 433], "summary": {"covered_lines": 14, "num_statements": 14, "percent_covered": 100.0, "percent_covered_display": "100", "missing_lines": 0, "excluded_lines": 0}, "missing_lines": [], "excluded_lines": []}, "AdvancedContentAnalyzer._calculate_beat_consistency": {"executed_lines": [437, 439, 443, 445, 449, 450, 452, 453, 454], "summary": {"covered_lines": 9, "num_statements": 12, "percent_covered": 75.0, "percent_covered_display": "75", "missing_lines": 3, "excluded_lines": 0}, "missing_lines": [440, 446, 456], "excluded_lines": []}, "AdvancedContentAnalyzer._calculate_onset_strength": {"executed_lines": [460, 461, 463, 464, 466, 467, 468, 470, 472, 473, 475, 477, 479], "summary": {"covered_lines": 13, "num_statements": 13, "percent_covered": 100.0, "percent_covered_display": "100", "missing_lines": 0, "excluded_lines": 0}, "missing_lines": [], "excluded_lines": []}, "AdvancedContentAnalyzer._detect_onsets": {"executed_lines": [483, 486, 488, 489, 491, 492, 495, 496, 498], "summary": {"covered_lines": 9, "num_statements": 9, "percent_covered": 100.0, "percent_covered_display": "100", "missing_lines": 0, "excluded_lines": 0}, "missing_lines": [], "excluded_lines": []}, "AdvancedContentAnalyzer._classify_genre": {"executed_lines": [502, 504, 505, 506, 509, 510, 511, 513, 514, 515, 516, 517, 518, 519, 520, 521, 525, 528, 529, 532, 537, 538, 539, 540, 542], "summary": {"covered_lines": 25, "num_statements": 29, "percent_covered": 86.20689655172414, "percent_covered_display": "86", "missing_lines": 4, "excluded_lines": 0}, "missing_lines": [522, 523, 533, 534], "excluded_lines": []}, "AdvancedContentAnalyzer._analyze_mood": {"executed_lines": [553, 554, 555, 556, 561, 562, 563, 564, 567, 568, 569, 570, 573, 574, 575, 577, 580, 581, 583, 584, 585, 587], "summary": {"covered_lines": 22, "num_statements": 25, "percent_covered": 88.0, "percent_covered_display": "88", "missing_lines": 3, "excluded_lines": 0}, "missing_lines": [558, 576, 582], "excluded_lines": []}, "AdvancedContentAnalyzer._analyze_stereo_characteristics": {"executed_lines": [597, 600, 601, 604, 607, 610, 611, 613], "summary": {"covered_lines": 8, "num_statements": 9, "percent_covered": 88.88888888888889, "percent_covered_display": "89", "missing_lines": 1, "excluded_lines": 0}, "missing_lines": [598], "excluded_lines": []}, "AdvancedContentAnalyzer._generate_processing_recommendations": {"executed_lines": [627, 637, 639, 643, 644, 645, 646, 649, 651, 652, 657, 659, 662], "summary": {"covered_lines": 13, "num_statements": 19, "percent_covered": 68.42105263157895, "percent_covered_display": "68", "missing_lines": 6, "excluded_lines": 0}, "missing_lines": [638, 640, 650, 654, 658, 660], "excluded_lines": []}, "AdvancedContentAnalyzer._create_genre_classification_rules": {"executed_lines": [666], "summary": {"covered_lines": 1, "num_statements": 1, "percent_covered": 100.0, "percent_covered_display": "100", "missing_lines": 0, "excluded_lines": 0}, "missing_lines": [], "excluded_lines": []}, "AdvancedContentAnalyzer._create_mood_parameters": {"executed_lines": [706], "summary": {"covered_lines": 1, "num_statements": 1, "percent_covered": 100.0, "percent_covered_display": "100", "missing_lines": 0, "excluded_lines": 0}, "missing_lines": [], "excluded_lines": []}, "analyze_audio_content": {"executed_lines": [723, 724], "summary": {"covered_lines": 2, "num_statements": 2, "percent_covered": 100.0, "percent_covered_display": "100", "missing_lines": 0, "excluded_lines": 0}, "missing_lines": [], "excluded_lines": []}, "": {"executed_lines": [3, 15, 16, 17, 18, 19, 21, 22, 23, 24, 25, 26, 30, 33, 34, 35, 37, 38, 39, 40, 43, 44, 45, 46, 49, 50, 51, 54, 55, 56, 59, 60, 63, 64, 65, 66, 67, 68, 69, 72, 73, 74, 75, 76, 77, 78, 79, 82, 83, 84, 85, 86, 87, 88, 89, 90, 93, 94, 96, 118, 172, 221, 245, 259, 279, 324, 354, 375, 409, 435, 458, 481, 500, 549, 595, 621, 664, 704, 721], "summary": {"covered_lines": 73, "num_statements": 73, "percent_covered": 100.0, "percent_covered_display": "100", "missing_lines": 0, "excluded_lines": 0}, "missing_lines": [], "excluded_lines": []}}, "classes": {"ContentFeatures": {"executed_lines": [], "summary": {"covered_lines": 0, "num_statements": 0, "percent_covered": 100.0, "percent_covered_display": "100", "missing_lines": 0, "excluded_lines": 0}, "missing_lines": [], "excluded_lines": []}, "GenreClassification": {"executed_lines": [], "summary": {"covered_lines": 0, "num_statements": 0, "percent_covered": 100.0, "percent_covered_display": "100", "missing_lines": 0, "excluded_lines": 0}, "missing_lines": [], "excluded_lines": []}, "MoodAnalysis": {"executed_lines": [], "summary": {"covered_lines": 0, "num_statements": 0, "percent_covered": 100.0, "percent_covered_display": "100", "missing_lines": 0, "excluded_lines": 0}, "missing_lines": [], "excluded_lines": []}, "ContentProfile": {"executed_lines": [], "summary": {"covered_lines": 0, "num_statements": 0, "percent_covered": 100.0, "percent_covered_display": "100", "missing_lines": 0, "excluded_lines": 0}, "missing_lines": [], "excluded_lines": []}, "AdvancedContentAnalyzer": {"executed_lines": [97, 100, 107, 108, 109, 110, 113, 116, 128, 131, 132, 133, 139, 142, 145, 148, 151, 154, 158, 167, 170, 177, 178, 179, 180, 183, 184, 185, 186, 189, 190, 191, 194, 195, 196, 199, 200, 202, 223, 224, 226, 227, 228, 229, 230, 231, 233, 236, 237, 238, 240, 241, 247, 248, 249, 252, 253, 255, 256, 261, 262, 264, 265, 267, 268, 269, 271, 272, 273, 275, 277, 282, 285, 286, 288, 289, 292, 294, 298, 299, 301, 302, 303, 304, 307, 308, 310, 311, 312, 314, 315, 317, 318, 319, 320, 322, 327, 328, 329, 331, 335, 336, 339, 340, 342, 345, 346, 349, 350, 352, 356, 357, 360, 361, 363, 367, 368, 370, 371, 377, 379, 382, 383, 384, 387, 389, 390, 391, 393, 396, 397, 398, 400, 401, 403, 404, 405, 407, 412, 415, 416, 419, 420, 422, 423, 424, 425, 427, 428, 430, 431, 433, 437, 439, 443, 445, 449, 450, 452, 453, 454, 460, 461, 463, 464, 466, 467, 468, 470, 472, 473, 475, 477, 479, 483, 486, 488, 489, 491, 492, 495, 496, 498, 502, 504, 505, 506, 509, 510, 511, 513, 514, 515, 516, 517, 518, 519, 520, 521, 525, 528, 529, 532, 537, 538, 539, 540, 542, 553, 554, 555, 556, 561, 562, 563, 564, 567, 568, 569, 570, 573, 574, 575, 577, 580, 581, 583, 584, 585, 587, 597, 600, 601, 604, 607, 610, 611, 613, 627, 637, 639, 643, 644, 645, 646, 649, 651, 652, 657, 659, 662, 666, 706], "summary": {"covered_lines": 253, "num_statements": 282, "percent_covered": 89.71631205673759, "percent_covered_display": "90", "missing_lines": 29, "excluded_lines": 0}, "missing_lines": [135, 136, 234, 243, 257, 295, 332, 343, 347, 364, 373, 380, 440, 446, 456, 522, 523, 533, 534, 558, 576, 582, 598, 638, 640, 650, 654, 658, 660], "excluded_lines": []}, "": {"executed_lines": [3, 15, 16, 17, 18, 19, 21, 22, 23, 24, 25, 26, 30, 33, 34, 35, 37, 38, 39, 40, 43, 44, 45, 46, 49, 50, 51, 54, 55, 56, 59, 60, 63, 64, 65, 66, 67, 68, 69, 72, 73, 74, 75, 76, 77, 78, 79, 82, 83, 84, 85, 86, 87, 88, 89, 90, 93, 94, 96, 118, 172, 221, 245, 259, 279, 324, 354, 375, 409, 435, 458, 481, 500, 549, 595, 621, 664, 704, 721, 723, 724], "summary": {"covered_lines": 75, "num_statements": 75, "percent_covered": 100.0, "percent_covered_display": "100", "missing_lines": 0, "excluded_lines": 0}, "missing_lines": [], "excluded_lines": []}}}, "auralis/analysis/dynamic_range.py": {"executed_lines": [3, 10, 11, 12, 15, 16, 18, 19, 22, 23, 24, 27, 28, 30, 40, 42, 44, 47, 48, 49, 52, 53, 56, 57, 60, 61, 64, 67, 68, 71, 86, 88, 89, 90, 94, 96, 97, 98, 102, 108, 109, 111, 112, 115, 116, 118, 119, 121, 122, 124, 125, 126, 128, 132, 133, 135, 137, 139, 141, 145, 147, 148, 152, 155, 156, 158, 159, 160, 161, 162, 163, 165, 172, 173, 175, 182, 183, 184, 186, 197, 200, 202, 203, 210, 211, 214, 215, 217, 231, 237, 240, 245, 249, 250, 252, 253, 255, 259, 261, 265, 266, 269, 272, 276, 277, 279, 283, 285, 286, 288, 291, 292, 295, 296, 297, 298, 299, 301, 302, 304, 306, 310, 311, 314, 315, 316, 323, 326, 327, 328, 330, 343, 345, 347, 349, 351, 352, 353, 356, 358, 365, 367, 368, 369, 370, 372, 373, 374, 375, 378, 379, 380, 381, 382, 383, 391, 398, 400, 402, 403, 405, 406, 408, 409, 411, 412, 414, 416, 420], "summary": {"covered_lines": 167, "num_statements": 190, "percent_covered": 87.89473684210526, "percent_covered_display": "88", "missing_lines": 23, "excluded_lines": 0}, "missing_lines": [69, 92, 100, 129, 150, 166, 176, 246, 257, 273, 280, 320, 346, 348, 350, 354, 384, 385, 386, 388, 389, 418, 422], "excluded_lines": [], "functions": {"DynamicRangeAnalyzer.__init__": {"executed_lines": [19, 22, 23, 24, 27, 28], "summary": {"covered_lines": 6, "num_statements": 6, "percent_covered": 100.0, "percent_covered_display": "100", "missing_lines": 0, "excluded_lines": 0}, "missing_lines": [], "excluded_lines": []}, "DynamicRangeAnalyzer.analyze_dynamic_range": {"executed_lines": [40, 42, 44, 47, 48, 49, 52, 53, 56, 57, 60, 61, 64, 67, 68, 71], "summary": {"covered_lines": 16, "num_statements": 17, "percent_covered": 94.11764705882354, "percent_covered_display": "94", "missing_lines": 1, "excluded_lines": 0}, "missing_lines": [69], "excluded_lines": []}, "DynamicRangeAnalyzer._calculate_peak_level": {"executed_lines": [88, 89, 90], "summary": {"covered_lines": 3, "num_statements": 4, "percent_covered": 75.0, "percent_covered_display": "75", "missing_lines": 1, "excluded_lines": 0}, "missing_lines": [92], "excluded_lines": []}, "DynamicRangeAnalyzer._calculate_rms_level": {"executed_lines": [96, 97, 98], "summary": {"covered_lines": 3, "num_statements": 4, "percent_covered": 75.0, "percent_covered_display": "75", "missing_lines": 1, "excluded_lines": 0}, "missing_lines": [100], "excluded_lines": []}, "DynamicRangeAnalyzer._calculate_dr_value": {"executed_lines": [108, 109, 111, 112, 115, 116, 118, 119, 121, 122, 124, 125, 126, 128, 132, 133, 135, 137], "summary": {"covered_lines": 18, "num_statements": 19, "percent_covered": 94.73684210526316, "percent_covered_display": "95", "missing_lines": 1, "excluded_lines": 0}, "missing_lines": [129], "excluded_lines": []}, "DynamicRangeAnalyzer._calculate_plr": {"executed_lines": [141, 145, 147, 148], "summary": {"covered_lines": 4, "num_statements": 5, "percent_covered": 80.0, "percent_covered_display": "80", "missing_lines": 1, "excluded_lines": 0}, "missing_lines": [150], "excluded_lines": []}, "DynamicRangeAnalyzer._analyze_rms_variation": {"executed_lines": [155, 156, 158, 159, 160, 161, 162, 163, 165, 172, 173, 175, 182, 183, 184, 186], "summary": {"covered_lines": 16, "num_statements": 18, "percent_covered": 88.88888888888889, "percent_covered_display": "89", "missing_lines": 2, "excluded_lines": 0}, "missing_lines": [166, 176], "excluded_lines": []}, "DynamicRangeAnalyzer._analyze_peak_distribution": {"executed_lines": [200, 202, 203, 210, 211, 214, 215, 217], "summary": {"covered_lines": 8, "num_statements": 8, "percent_covered": 100.0, "percent_covered_display": "100", "missing_lines": 0, "excluded_lines": 0}, "missing_lines": [], "excluded_lines": []}, "DynamicRangeAnalyzer._estimate_compression_ratio": {"executed_lines": [237, 240, 245, 249, 250, 252, 253, 255, 259], "summary": {"covered_lines": 9, "num_statements": 11, "percent_covered": 81.81818181818181, "percent_covered_display": "82", "missing_lines": 2, "excluded_lines": 0}, "missing_lines": [246, 257], "excluded_lines": []}, "DynamicRangeAnalyzer._estimate_attack_time": {"executed_lines": [265, 266, 269, 272, 276, 277, 279, 283, 285, 286, 288, 291, 292, 295, 296, 297, 298, 299, 301, 302, 304], "summary": {"covered_lines": 21, "num_statements": 23, "percent_covered": 91.30434782608695, "percent_covered_display": "91", "missing_lines": 2, "excluded_lines": 0}, "missing_lines": [273, 280], "excluded_lines": []}, "DynamicRangeAnalyzer._analyze_envelope": {"executed_lines": [310, 311, 314, 315, 316, 323, 326, 327, 328, 330], "summary": {"covered_lines": 10, "num_statements": 11, "percent_covered": 90.9090909090909, "percent_covered_display": "91", "missing_lines": 1, "excluded_lines": 0}, "missing_lines": [320], "excluded_lines": []}, "DynamicRangeAnalyzer._categorize_dynamic_range": {"executed_lines": [345, 347, 349, 351, 352, 353, 356], "summary": {"covered_lines": 7, "num_statements": 11, "percent_covered": 63.63636363636363, "percent_covered_display": "64", "missing_lines": 4, "excluded_lines": 0}, "missing_lines": [346, 348, 350, 354], "excluded_lines": []}, "DynamicRangeAnalyzer._assess_loudness_war": {"executed_lines": [365, 367, 368, 369, 370, 372, 373, 374, 375, 378, 379, 380, 381, 382, 383, 391], "summary": {"covered_lines": 16, "num_statements": 21, "percent_covered": 76.19047619047619, "percent_covered_display": "76", "missing_lines": 5, "excluded_lines": 0}, "missing_lines": [384, 385, 386, 388, 389], "excluded_lines": []}, "DynamicRangeAnalyzer._get_dynamic_range_recommendations": {"executed_lines": [400, 402, 403, 405, 406, 408, 409, 411, 412, 414], "summary": {"covered_lines": 10, "num_statements": 10, "percent_covered": 100.0, "percent_covered_display": "100", "missing_lines": 0, "excluded_lines": 0}, "missing_lines": [], "excluded_lines": []}, "DynamicRangeAnalyzer.get_crest_factor_history": {"executed_lines": [], "summary": {"covered_lines": 0, "num_statements": 1, "percent_covered": 0.0, "percent_covered_display": "0", "missing_lines": 1, "excluded_lines": 0}, "missing_lines": [418], "excluded_lines": []}, "DynamicRangeAnalyzer.reset_history": {"executed_lines": [], "summary": {"covered_lines": 0, "num_statements": 1, "percent_covered": 0.0, "percent_covered_display": "0", "missing_lines": 1, "excluded_lines": 0}, "missing_lines": [422], "excluded_lines": []}, "": {"executed_lines": [3, 10, 11, 12, 15, 16, 18, 30, 86, 94, 102, 139, 152, 197, 231, 261, 306, 343, 358, 398, 416, 420], "summary": {"covered_lines": 20, "num_statements": 20, "percent_covered": 100.0, "percent_covered_display": "100", "missing_lines": 0, "excluded_lines": 0}, "missing_lines": [], "excluded_lines": []}}, "classes": {"DynamicRangeAnalyzer": {"executed_lines": [19, 22, 23, 24, 27, 28, 40, 42, 44, 47, 48, 49, 52, 53, 56, 57, 60, 61, 64, 67, 68, 71, 88, 89, 90, 96, 97, 98, 108, 109, 111, 112, 115, 116, 118, 119, 121, 122, 124, 125, 126, 128, 132, 133, 135, 137, 141, 145, 147, 148, 155, 156, 158, 159, 160, 161, 162, 163, 165, 172, 173, 175, 182, 183, 184, 186, 200, 202, 203, 210, 211, 214, 215, 217, 237, 240, 245, 249, 250, 252, 253, 255, 259, 265, 266, 269, 272, 276, 277, 279, 283, 285, 286, 288, 291, 292, 295, 296, 297, 298, 299, 301, 302, 304, 310, 311, 314, 315, 316, 323, 326, 327, 328, 330, 345, 347, 349, 351, 352, 353, 356, 365, 367, 368, 369, 370, 372, 373, 374, 375, 378, 379, 380, 381, 382, 383, 391, 400, 402, 403, 405, 406, 408, 409, 411, 412, 414], "summary": {"covered_lines": 147, "num_statements": 170, "percent_covered": 86.47058823529412, "percent_covered_display": "86", "missing_lines": 23, "excluded_lines": 0}, "missing_lines": [69, 92, 100, 129, 150, 166, 176, 246, 257, 273, 280, 320, 346, 348, 350, 354, 384, 385, 386, 388, 389, 418, 422], "excluded_lines": []}, "": {"executed_lines": [3, 10, 11, 12, 15, 16, 18, 30, 86, 94, 102, 139, 152, 197, 231, 261, 306, 343, 358, 398, 416, 420], "summary": {"covered_lines": 20, "num_statements": 20, "percent_covered": 100.0, "percent_covered_display": "100", "missing_lines": 0, "excluded_lines": 0}, "missing_lines": [], "excluded_lines": []}}}, "auralis/analysis/loudness_meter.py": {"executed_lines": [3, 10, 11, 12, 13, 16, 17, 18, 19, 20, 21, 22, 23, 24, 25, 26, 29, 30, 32, 33, 36, 39, 40, 41, 42, 45, 46, 49, 50, 52, 56, 62, 63, 64, 66, 67, 68, 69, 70, 73, 74, 75, 76, 77, 78, 80, 81, 84, 85, 87, 91, 93, 95, 97, 98, 99, 102, 107, 111, 115, 116, 120, 125, 127, 129, 135, 140, 142, 144, 146, 149, 150, 153, 156, 159, 161, 163, 174, 177, 180, 183, 187, 188, 191, 192, 194, 203, 205, 209, 210, 212, 213, 219, 221, 222, 224, 226, 227, 233, 235, 236, 237, 239, 241, 245, 246, 248, 250, 252, 253, 255, 257, 264, 277, 279, 280, 281, 307, 308, 310, 321, 323, 324, 325, 326], "summary": {"covered_lines": 122, "num_statements": 141, "percent_covered": 86.52482269503547, "percent_covered_display": "87", "missing_lines": 19, "excluded_lines": 0}, "missing_lines": [157, 184, 206, 216, 217, 230, 231, 265, 284, 289, 290, 292, 293, 298, 299, 300, 301, 303, 304], "excluded_lines": [], "functions": {"LoudnessMeter.__init__": {"executed_lines": [33, 36, 39, 40, 41, 42, 45, 46, 49, 50], "summary": {"covered_lines": 10, "num_statements": 10, "percent_covered": 100.0, "percent_covered_display": "100", "missing_lines": 0, "excluded_lines": 0}, "missing_lines": [], "excluded_lines": []}, "LoudnessMeter._init_k_weighting_filter": {"executed_lines": [56, 62, 63, 64, 66, 67, 68, 69, 70, 73, 74, 75, 76, 77, 78, 80, 81, 84, 85], "summary": {"covered_lines": 19, "num_statements": 19, "percent_covered": 100.0, "percent_covered_display": "100", "missing_lines": 0, "excluded_lines": 0}, "missing_lines": [], "excluded_lines": []}, "LoudnessMeter._init_true_peak_filter": {"executed_lines": [91], "summary": {"covered_lines": 1, "num_statements": 1, "percent_covered": 100.0, "percent_covered_display": "100", "missing_lines": 0, "excluded_lines": 0}, "missing_lines": [], "excluded_lines": []}, "LoudnessMeter.apply_k_weighting": {"executed_lines": [95, 97, 98, 99, 102, 107, 111, 115, 116, 120, 125, 127, 129, 135, 140], "summary": {"covered_lines": 15, "num_statements": 15, "percent_covered": 100.0, "percent_covered_display": "100", "missing_lines": 0, "excluded_lines": 0}, "missing_lines": [], "excluded_lines": []}, "LoudnessMeter.calculate_block_loudness": {"executed_lines": [144, 146, 149, 150, 153, 156, 159, 161], "summary": {"covered_lines": 8, "num_statements": 9, "percent_covered": 88.88888888888889, "percent_covered_display": "89", "missing_lines": 1, "excluded_lines": 0}, "missing_lines": [157], "excluded_lines": []}, "LoudnessMeter.measure_chunk": {"executed_lines": [174, 177, 180, 183, 187, 188, 191, 192, 194], "summary": {"covered_lines": 9, "num_statements": 10, "percent_covered": 90.0, "percent_covered_display": "90", "missing_lines": 1, "excluded_lines": 0}, "missing_lines": [184], "excluded_lines": []}, "LoudnessMeter._calculate_momentary": {"executed_lines": [205, 209, 210, 212, 213], "summary": {"covered_lines": 5, "num_statements": 8, "percent_covered": 62.5, "percent_covered_display": "62", "missing_lines": 3, "excluded_lines": 0}, "missing_lines": [206, 216, 217], "excluded_lines": []}, "LoudnessMeter._calculate_short_term": {"executed_lines": [221, 222, 224, 226, 227], "summary": {"covered_lines": 5, "num_statements": 7, "percent_covered": 71.42857142857143, "percent_covered_display": "71", "missing_lines": 2, "excluded_lines": 0}, "missing_lines": [230, 231], "excluded_lines": []}, "LoudnessMeter._calculate_peak": {"executed_lines": [235, 236, 237, 239], "summary": {"covered_lines": 4, "num_statements": 4, "percent_covered": 100.0, "percent_covered_display": "100", "missing_lines": 0, "excluded_lines": 0}, "missing_lines": [], "excluded_lines": []}, "LoudnessMeter._calculate_true_peak": {"executed_lines": [245, 246, 248, 250, 252, 253, 255], "summary": {"covered_lines": 7, "num_statements": 7, "percent_covered": 100.0, "percent_covered_display": "100", "missing_lines": 0, "excluded_lines": 0}, "missing_lines": [], "excluded_lines": []}, "LoudnessMeter.finalize_measurement": {"executed_lines": [264, 277, 279, 280, 281, 307, 308, 310], "summary": {"covered_lines": 8, "num_statements": 20, "percent_covered": 40.0, "percent_covered_display": "40", "missing_lines": 12, "excluded_lines": 0}, "missing_lines": [265, 284, 289, 290, 292, 293, 298, 299, 300, 301, 303, 304], "excluded_lines": []}, "LoudnessMeter.reset": {"executed_lines": [323, 324, 325, 326], "summary": {"covered_lines": 4, "num_statements": 4, "percent_covered": 100.0, "percent_covered_display": "100", "missing_lines": 0, "excluded_lines": 0}, "missing_lines": [], "excluded_lines": []}, "": {"executed_lines": [3, 10, 11, 12, 13, 16, 17, 18, 19, 20, 21, 22, 23, 24, 25, 26, 29, 30, 32, 52, 87, 93, 142, 163, 203, 219, 233, 241, 257, 321], "summary": {"covered_lines": 27, "num_statements": 27, "percent_covered": 100.0, "percent_covered_display": "100", "missing_lines": 0, "excluded_lines": 0}, "missing_lines": [], "excluded_lines": []}}, "classes": {"LUFSMeasurement": {"executed_lines": [], "summary": {"covered_lines": 0, "num_statements": 0, "percent_covered": 100.0, "percent_covered_display": "100", "missing_lines": 0, "excluded_lines": 0}, "missing_lines": [], "excluded_lines": []}, "LoudnessMeter": {"executed_lines": [33, 36, 39, 40, 41, 42, 45, 46, 49, 50, 56, 62, 63, 64, 66, 67, 68, 69, 70, 73, 74, 75, 76, 77, 78, 80, 81, 84, 85, 91, 95, 97, 98, 99, 102, 107, 111, 115, 116, 120, 125, 127, 129, 135, 140, 144, 146, 149, 150, 153, 156, 159, 161, 174, 177, 180, 183, 187, 188, 191, 192, 194, 205, 209, 210, 212, 213, 221, 222, 224, 226, 227, 235, 236, 237, 239, 245, 246, 248, 250, 252, 253, 255, 264, 277, 279, 280, 281, 307, 308, 310, 323, 324, 325, 326], "summary": {"covered_lines": 95, "num_statements": 114, "percent_covered": 83.33333333333333, "percent_covered_display": "83", "missing_lines": 19, "excluded_lines": 0}, "missing_lines": [157, 184, 206, 216, 217, 230, 231, 265, 284, 289, 290, 292, 293, 298, 299, 300, 301, 303, 304], "excluded_lines": []}, "": {"executed_lines": [3, 10, 11, 12, 13, 16, 17, 18, 19, 20, 21, 22, 23, 24, 25, 26, 29, 30, 32, 52, 87, 93, 142, 163, 203, 219, 233, 241, 257, 321], "summary": {"covered_lines": 27, "num_statements": 27, "percent_covered": 100.0, "percent_covered_display": "100", "missing_lines": 0, "excluded_lines": 0}, "missing_lines": [], "excluded_lines": []}}}, "auralis/analysis/ml_genre_classifier.py": {"executed_lines": [3, 15, 16, 17, 18, 19, 21, 25, 28, 29, 30, 32, 33, 34, 35, 38, 39, 40, 41, 42, 45, 46, 47, 50, 51, 54, 55, 56, 59, 60, 61, 64, 65, 67, 68, 69, 70, 71, 73, 83, 86, 87, 89, 92, 99, 100, 101, 102, 105, 106, 107, 108, 109, 112, 113, 114, 117, 118, 121, 124, 125, 126, 128, 151, 153, 154, 155, 158, 161, 164, 166, 168, 169, 172, 173, 175, 176, 177, 179, 180, 181, 182, 183, 184, 188, 190, 192, 193, 194, 197, 198, 200, 201, 203, 207, 208, 210, 211, 212, 213, 214, 216, 217, 220, 221, 222, 224, 226, 229, 230, 231, 233, 234, 235, 237, 239, 240, 241, 243, 245, 246, 248, 250, 253, 254, 257, 258, 261, 262, 264, 265, 267, 270, 271, 274, 275, 277, 278, 279, 280, 281, 282, 286, 288, 289, 290, 293, 294, 295, 298, 299, 300, 301, 303, 305, 310, 311, 314, 315, 318, 319, 320, 321, 324, 327, 328, 329, 330, 331, 332, 334, 336, 338, 339, 340, 343, 345, 346, 348, 350, 351, 354, 355, 356, 358, 360, 363, 366, 369, 370, 373, 374, 377, 378, 380, 382, 385, 386, 387, 388, 390, 391, 392, 395, 396, 397, 400, 401, 402, 404, 406, 409, 410, 416, 417, 418, 424, 425, 427, 429, 434, 435, 436, 466, 468, 470, 474, 475, 476, 479, 480, 481, 484, 485, 486, 489, 490, 491, 494, 495, 496, 499, 500, 501, 503, 513, 516, 519, 520, 521, 522, 525, 526, 529, 530, 533, 537, 539, 546, 548, 549, 552, 553, 554, 555, 556, 557, 558, 559, 560, 561, 562, 563, 564, 565, 567, 569, 571, 572, 573, 574, 576, 578, 581, 590, 591, 592, 594, 596, 614, 624], "summary": {"covered_lines": 287, "num_statements": 295, "percent_covered": 97.28813559322033, "percent_covered_display": "97", "missing_lines": 8, "excluded_lines": 0}, "missing_lines": [94, 95, 96, 186, 284, 534, 535, 598], "excluded_lines": [], "functions": {"FeatureExtractor.__init__": {"executed_lines": [68, 69, 70, 71], "summary": {"covered_lines": 4, "num_statements": 4, "percent_covered": 100.0, "percent_covered_display": "100", "missing_lines": 0, "excluded_lines": 0}, "missing_lines": [], "excluded_lines": []}, "FeatureExtractor.extract_features": {"executed_lines": [83, 86, 87, 89, 92, 99, 100, 101, 102, 105, 106, 107, 108, 109, 112, 113, 114, 117, 118, 121, 124, 125, 126, 128], "summary": {"covered_lines": 24, "num_statements": 27, "percent_covered": 88.88888888888889, "percent_covered_display": "89", "missing_lines": 3, "excluded_lines": 0}, "missing_lines": [94, 95, 96], "excluded_lines": []}, "FeatureExtractor._spectral_bandwidth": {"executed_lines": [153, 154, 155, 158, 161, 164], "summary": {"covered_lines": 6, "num_statements": 6, "percent_covered": 100.0, "percent_covered_display": "100", "missing_lines": 0, "excluded_lines": 0}, "missing_lines": [], "excluded_lines": []}, "FeatureExtractor._spectral_contrast": {"executed_lines": [168, 169, 172, 173, 175, 176, 177, 179, 180, 181, 182, 183, 184, 188], "summary": {"covered_lines": 14, "num_statements": 15, "percent_covered": 93.33333333333333, "percent_covered_display": "93", "missing_lines": 1, "excluded_lines": 0}, "missing_lines": [186], "excluded_lines": []}, "FeatureExtractor._spectral_flatness": {"executed_lines": [192, 193, 194, 197, 198, 200, 201], "summary": {"covered_lines": 7, "num_statements": 7, "percent_covered": 100.0, "percent_covered_display": "100", "missing_lines": 0, "excluded_lines": 0}, "missing_lines": [], "excluded_lines": []}, "FeatureExtractor._tempo_stability": {"executed_lines": [207, 208, 210, 211, 212, 213, 214, 216, 217, 220, 221, 222, 224], "summary": {"covered_lines": 13, "num_statements": 13, "percent_covered": 100.0, "percent_covered_display": "100", "missing_lines": 0, "excluded_lines": 0}, "missing_lines": [], "excluded_lines": []}, "FeatureExtractor._onset_rate": {"executed_lines": [229, 230, 231, 233, 234, 235, 237, 239, 240, 241, 243, 245, 246, 248], "summary": {"covered_lines": 14, "num_statements": 14, "percent_covered": 100.0, "percent_covered_display": "100", "missing_lines": 0, "excluded_lines": 0}, "missing_lines": [], "excluded_lines": []}, "FeatureExtractor._harmonic_ratio": {"executed_lines": [253, 254, 257, 258, 261, 262, 264, 265], "summary": {"covered_lines": 8, "num_statements": 8, "percent_covered": 100.0, "percent_covered_display": "100", "missing_lines": 0, "excluded_lines": 0}, "missing_lines": [], "excluded_lines": []}, "FeatureExtractor._fundamental_frequency": {"executed_lines": [270, 271, 274, 275, 277, 278, 279, 280, 281, 282], "summary": {"covered_lines": 10, "num_statements": 11, "percent_covered": 90.9090909090909, "percent_covered_display": "91", "missing_lines": 1, "excluded_lines": 0}, "missing_lines": [284], "excluded_lines": []}, "FeatureExtractor._energy_distribution": {"executed_lines": [288, 289, 290, 293, 294, 295, 298, 299, 300, 301, 303], "summary": {"covered_lines": 11, "num_statements": 11, "percent_covered": 100.0, "percent_covered_display": "100", "missing_lines": 0, "excluded_lines": 0}, "missing_lines": [], "excluded_lines": []}, "FeatureExtractor._extract_mfcc": {"executed_lines": [310, 311, 314, 315, 318, 319, 320, 321, 324, 327, 328, 329, 330, 331, 332, 334], "summary": {"covered_lines": 16, "num_statements": 16, "percent_covered": 100.0, "percent_covered_display": "100", "missing_lines": 0, "excluded_lines": 0}, "missing_lines": [], "excluded_lines": []}, "FeatureExtractor._extract_chroma": {"executed_lines": [338, 339, 340, 343, 345, 346, 348, 350, 351, 354, 355, 356, 358], "summary": {"covered_lines": 13, "num_statements": 13, "percent_covered": 100.0, "percent_covered_display": "100", "missing_lines": 0, "excluded_lines": 0}, "missing_lines": [], "excluded_lines": []}, "FeatureExtractor._extract_tonnetz": {"executed_lines": [363, 366, 369, 370, 373, 374, 377, 378, 380], "summary": {"covered_lines": 9, "num_statements": 9, "percent_covered": 100.0, "percent_covered_display": "100", "missing_lines": 0, "excluded_lines": 0}, "missing_lines": [], "excluded_lines": []}, "FeatureExtractor._create_mel_filterbank": {"executed_lines": [385, 386, 387, 388, 390, 391, 392, 395, 396, 397, 400, 401, 402, 404, 406], "summary": {"covered_lines": 15, "num_statements": 15, "percent_covered": 100.0, "percent_covered_display": "100", "missing_lines": 0, "excluded_lines": 0}, "missing_lines": [], "excluded_lines": []}, "MLGenreClassifier.__init__": {"executed_lines": [417, 418, 424, 425, 427], "summary": {"covered_lines": 5, "num_statements": 5, "percent_covered": 100.0, "percent_covered_display": "100", "missing_lines": 0, "excluded_lines": 0}, "missing_lines": [], "excluded_lines": []}, "MLGenreClassifier._initialize_weights": {"executed_lines": [434, 435, 436, 466, 468], "summary": {"covered_lines": 5, "num_statements": 5, "percent_covered": 100.0, "percent_covered_display": "100", "missing_lines": 0, "excluded_lines": 0}, "missing_lines": [], "excluded_lines": []}, "MLGenreClassifier._apply_genre_specific_weights": {"executed_lines": [474, 475, 476, 479, 480, 481, 484, 485, 486, 489, 490, 491, 494, 495, 496, 499, 500, 501], "summary": {"covered_lines": 18, "num_statements": 18, "percent_covered": 100.0, "percent_covered_display": "100", "missing_lines": 0, "excluded_lines": 0}, "missing_lines": [], "excluded_lines": []}, "MLGenreClassifier.classify": {"executed_lines": [513, 516, 519, 520, 521, 522, 525, 526, 529, 530, 533, 537, 539], "summary": {"covered_lines": 13, "num_statements": 15, "percent_covered": 86.66666666666667, "percent_covered_display": "87", "missing_lines": 2, "excluded_lines": 0}, "missing_lines": [534, 535], "excluded_lines": []}, "MLGenreClassifier._calculate_genre_score": {"executed_lines": [548, 549, 552, 553, 554, 555, 556, 557, 558, 559, 560, 561, 562, 563, 564, 565, 567], "summary": {"covered_lines": 17, "num_statements": 17, "percent_covered": 100.0, "percent_covered_display": "100", "missing_lines": 0, "excluded_lines": 0}, "missing_lines": [], "excluded_lines": []}, "MLGenreClassifier._softmax": {"executed_lines": [571, 572, 573, 574], "summary": {"covered_lines": 4, "num_statements": 4, "percent_covered": 100.0, "percent_covered_display": "100", "missing_lines": 0, "excluded_lines": 0}, "missing_lines": [], "excluded_lines": []}, "MLGenreClassifier._get_feature_importance": {"executed_lines": [578, 581, 590, 591, 592, 594], "summary": {"covered_lines": 6, "num_statements": 6, "percent_covered": 100.0, "percent_covered_display": "100", "missing_lines": 0, "excluded_lines": 0}, "missing_lines": [], "excluded_lines": []}, "MLGenreClassifier.get_model_info": {"executed_lines": [], "summary": {"covered_lines": 0, "num_statements": 1, "percent_covered": 0.0, "percent_covered_display": "0", "missing_lines": 1, "excluded_lines": 0}, "missing_lines": [598], "excluded_lines": []}, "create_ml_genre_classifier": {"executed_lines": [624], "summary": {"covered_lines": 1, "num_statements": 1, "percent_covered": 100.0, "percent_covered_display": "100", "missing_lines": 0, "excluded_lines": 0}, "missing_lines": [], "excluded_lines": []}, "": {"executed_lines": [3, 15, 16, 17, 18, 19, 21, 25, 28, 29, 30, 32, 33, 34, 35, 38, 39, 40, 41, 42, 45, 46, 47, 50, 51, 54, 55, 56, 59, 60, 61, 64, 65, 67, 73, 151, 166, 190, 203, 226, 250, 267, 286, 305, 336, 360, 382, 409, 410, 416, 429, 470, 503, 546, 569, 576, 596, 614], "summary": {"covered_lines": 54, "num_statements": 54, "percent_covered": 100.0, "percent_covered_display": "100", "missing_lines": 0, "excluded_lines": 0}, "missing_lines": [], "excluded_lines": []}}, "classes": {"AudioFeatures": {"executed_lines": [], "summary": {"covered_lines": 0, "num_statements": 0, "percent_covered": 100.0, "percent_covered_display": "100", "missing_lines": 0, "excluded_lines": 0}, "missing_lines": [], "excluded_lines": []}, "FeatureExtractor": {"executed_lines": [68, 69, 70, 71, 83, 86, 87, 89, 92, 99, 100, 101, 102, 105, 106, 107, 108, 109, 112, 113, 114, 117, 118, 121, 124, 125, 126, 128, 153, 154, 155, 158, 161, 164, 168, 169, 172, 173, 175, 176, 177, 179, 180, 181, 182, 183, 184, 188, 192, 193, 194, 197, 198, 200, 201, 207, 208, 210, 211, 212, 213, 214, 216, 217, 220, 221, 222, 224, 229, 230, 231, 233, 234, 235, 237, 239, 240, 241, 243, 245, 246, 248, 253, 254, 257, 258, 261, 262, 264, 265, 270, 271, 274, 275, 277, 278, 279, 280, 281, 282, 288, 289, 290, 293, 294, 295, 298, 299, 300, 301, 303, 310, 311, 314, 315, 318, 319, 320, 321, 324, 327, 328, 329, 330, 331, 332, 334, 338, 339, 340, 343, 345, 346, 348, 350, 351, 354, 355, 356, 358, 363, 366, 369, 370, 373, 374, 377, 378, 380, 385, 386, 387, 388, 390, 391, 392, 395, 396, 397, 400, 401, 402, 404, 406], "summary": {"covered_lines": 164, "num_statements": 169, "percent_covered": 97.0414201183432, "percent_covered_display": "97", "missing_lines": 5, "excluded_lines": 0}, "missing_lines": [94, 95, 96, 186, 284], "excluded_lines": []}, "MLGenreClassifier": {"executed_lines": [417, 418, 424, 425, 427, 434, 435, 436, 466, 468, 474, 475, 476, 479, 480, 481, 484, 485, 486, 489, 490, 491, 494, 495, 496, 499, 500, 501, 513, 516, 519, 520, 521, 522, 525, 526, 529, 530, 533, 537, 539, 548, 549, 552, 553, 554, 555, 556, 557, 558, 559, 560, 561, 562, 563, 564, 565, 567, 571, 572, 573, 574, 578, 581, 590, 591, 592, 594], "summary": {"covered_lines": 68, "num_statements": 71, "percent_covered": 95.77464788732394, "percent_covered_display": "96", "missing_lines": 3, "excluded_lines": 0}, "missing_lines": [534, 535, 598], "excluded_lines": []}, "": {"executed_lines": [3, 15, 16, 17, 18, 19, 21, 25, 28, 29, 30, 32, 33, 34, 35, 38, 39, 40, 41, 42, 45, 46, 47, 50, 51, 54, 55, 56, 59, 60, 61, 64, 65, 67, 73, 151, 166, 190, 203, 226, 250, 267, 286, 305, 336, 360, 382, 409, 410, 416, 429, 470, 503, 546, 569, 576, 596, 614, 624], "summary": {"covered_lines": 55, "num_statements": 55, "percent_covered": 100.0, "percent_covered_display": "100", "missing_lines": 0, "excluded_lines": 0}, "missing_lines": [], "excluded_lines": []}}}, "auralis/analysis/phase_correlation.py": {"executed_lines": [3, 10, 11, 12, 15, 16, 18, 19, 20, 21, 24, 25, 28, 29, 31, 41, 42, 44, 45, 48, 51, 54, 57, 60, 63, 64, 68, 69, 71, 85, 87, 91, 92, 94, 95, 97, 100, 101, 103, 106, 107, 110, 111, 114, 117, 120, 122, 124, 127, 130, 131, 134, 135, 137, 140, 142, 144, 145, 146, 148, 151, 152, 154, 155, 156, 157, 159, 160, 162, 166, 167, 169, 171, 173, 174, 183, 187, 188, 190, 192, 193, 195, 196, 197, 198, 204, 206, 214, 217, 218, 221, 224, 227, 233, 234, 235, 236, 237, 241, 248, 314, 318], "summary": {"covered_lines": 100, "num_statements": 139, "percent_covered": 71.94244604316546, "percent_covered_display": "72", "missing_lines": 39, "excluded_lines": 0}, "missing_lines": [65, 88, 98, 163, 177, 178, 180, 181, 200, 201, 239, 259, 260, 262, 263, 266, 267, 269, 271, 272, 273, 275, 276, 279, 280, 283, 284, 287, 288, 289, 292, 293, 295, 298, 299, 301, 303, 316, 320], "excluded_lines": [], "functions": {"PhaseCorrelationAnalyzer.__init__": {"executed_lines": [19, 20, 21, 24, 25, 28, 29], "summary": {"covered_lines": 7, "num_statements": 7, "percent_covered": 100.0, "percent_covered_display": "100", "missing_lines": 0, "excluded_lines": 0}, "missing_lines": [], "excluded_lines": []}, "PhaseCorrelationAnalyzer.analyze_correlation": {"executed_lines": [41, 42, 44, 45, 48, 51, 54, 57, 60, 63, 64, 68, 69, 71], "summary": {"covered_lines": 14, "num_statements": 15, "percent_covered": 93.33333333333333, "percent_covered_display": "93", "missing_lines": 1, "excluded_lines": 0}, "missing_lines": [65], "excluded_lines": []}, "PhaseCorrelationAnalyzer._calculate_correlation": {"executed_lines": [87, 91, 92, 94, 95, 97, 100, 101], "summary": {"covered_lines": 8, "num_statements": 10, "percent_covered": 80.0, "percent_covered_display": "80", "missing_lines": 2, "excluded_lines": 0}, "missing_lines": [88, 98], "excluded_lines": []}, "PhaseCorrelationAnalyzer._calculate_phase_correlation": {"executed_lines": [106, 107, 110, 111, 114, 117, 120, 122], "summary": {"covered_lines": 8, "num_statements": 8, "percent_covered": 100.0, "percent_covered_display": "100", "missing_lines": 0, "excluded_lines": 0}, "missing_lines": [], "excluded_lines": []}, "PhaseCorrelationAnalyzer._calculate_stereo_width": {"executed_lines": [127, 130, 131, 134, 135, 137, 140], "summary": {"covered_lines": 7, "num_statements": 7, "percent_covered": 100.0, "percent_covered_display": "100", "missing_lines": 0, "excluded_lines": 0}, "missing_lines": [], "excluded_lines": []}, "PhaseCorrelationAnalyzer._calculate_mid_side": {"executed_lines": [144, 145, 146], "summary": {"covered_lines": 3, "num_statements": 3, "percent_covered": 100.0, "percent_covered_display": "100", "missing_lines": 0, "excluded_lines": 0}, "missing_lines": [], "excluded_lines": []}, "PhaseCorrelationAnalyzer._analyze_phase_stability": {"executed_lines": [151, 152, 154, 155, 156, 157, 159, 160, 162, 166, 167, 169], "summary": {"covered_lines": 12, "num_statements": 13, "percent_covered": 92.3076923076923, "percent_covered_display": "92", "missing_lines": 1, "excluded_lines": 0}, "missing_lines": [163], "excluded_lines": []}, "PhaseCorrelationAnalyzer._calculate_correlation_trend": {"executed_lines": [173, 174], "summary": {"covered_lines": 2, "num_statements": 6, "percent_covered": 33.333333333333336, "percent_covered_display": "33", "missing_lines": 4, "excluded_lines": 0}, "missing_lines": [177, 178, 180, 181], "excluded_lines": []}, "PhaseCorrelationAnalyzer._calculate_mono_compatibility": {"executed_lines": [187, 188], "summary": {"covered_lines": 2, "num_statements": 2, "percent_covered": 100.0, "percent_covered_display": "100", "missing_lines": 0, "excluded_lines": 0}, "missing_lines": [], "excluded_lines": []}, "PhaseCorrelationAnalyzer._calculate_stereo_balance": {"executed_lines": [192, 193, 195, 196, 197, 198, 204, 206], "summary": {"covered_lines": 8, "num_statements": 10, "percent_covered": 80.0, "percent_covered_display": "80", "missing_lines": 2, "excluded_lines": 0}, "missing_lines": [200, 201], "excluded_lines": []}, "PhaseCorrelationAnalyzer._calculate_phase_coherence": {"executed_lines": [217, 218, 221, 224, 227, 233, 234, 235, 236, 237, 241], "summary": {"covered_lines": 11, "num_statements": 12, "percent_covered": 91.66666666666667, "percent_covered_display": "92", "missing_lines": 1, "excluded_lines": 0}, "missing_lines": [239], "excluded_lines": []}, "PhaseCorrelationAnalyzer.analyze_stereo_field": {"executed_lines": [], "summary": {"covered_lines": 0, "num_statements": 26, "percent_covered": 0.0, "percent_covered_display": "0", "missing_lines": 26, "excluded_lines": 0}, "missing_lines": [259, 260, 262, 263, 266, 267, 269, 271, 272, 273, 275, 276, 279, 280, 283, 284, 287, 288, 289, 292, 293, 295, 298, 299, 301, 303], "excluded_lines": []}, "PhaseCorrelationAnalyzer.get_correlation_history": {"executed_lines": [], "summary": {"covered_lines": 0, "num_statements": 1, "percent_covered": 0.0, "percent_covered_display": "0", "missing_lines": 1, "excluded_lines": 0}, "missing_lines": [316], "excluded_lines": []}, "PhaseCorrelationAnalyzer.reset_history": {"executed_lines": [], "summary": {"covered_lines": 0, "num_statements": 1, "percent_covered": 0.0, "percent_covered_display": "0", "missing_lines": 1, "excluded_lines": 0}, "missing_lines": [320], "excluded_lines": []}, "": {"executed_lines": [3, 10, 11, 12, 15, 16, 18, 31, 85, 103, 124, 142, 148, 171, 183, 190, 214, 248, 314, 318], "summary": {"covered_lines": 18, "num_statements": 18, "percent_covered": 100.0, "percent_covered_display": "100", "missing_lines": 0, "excluded_lines": 0}, "missing_lines": [], "excluded_lines": []}}, "classes": {"PhaseCorrelationAnalyzer": {"executed_lines": [19, 20, 21, 24, 25, 28, 29, 41, 42, 44, 45, 48, 51, 54, 57, 60, 63, 64, 68, 69, 71, 87, 91, 92, 94, 95, 97, 100, 101, 106, 107, 110, 111, 114, 117, 120, 122, 127, 130, 131, 134, 135, 137, 140, 144, 145, 146, 151, 152, 154, 155, 156, 157, 159, 160, 162, 166, 167, 169, 173, 174, 187, 188, 192, 193, 195, 196, 197, 198, 204, 206, 217, 218, 221, 224, 227, 233, 234, 235, 236, 237, 241], "summary": {"covered_lines": 82, "num_statements": 121, "percent_covered": 67.76859504132231, "percent_covered_display": "68", "missing_lines": 39, "excluded_lines": 0}, "missing_lines": [65, 88, 98, 163, 177, 178, 180, 181, 200, 201, 239, 259, 260, 262, 263, 266, 267, 269, 271, 272, 273, 275, 276, 279, 280, 283, 284, 287, 288, 289, 292, 293, 295, 298, 299, 301, 303, 316, 320], "excluded_lines": []}, "": {"executed_lines": [3, 10, 11, 12, 15, 16, 18, 31, 85, 103, 124, 142, 148, 171, 183, 190, 214, 248, 314, 318], "summary": {"covered_lines": 18, "num_statements": 18, "percent_covered": 100.0, "percent_covered_display": "100", "missing_lines": 0, "excluded_lines": 0}, "missing_lines": [], "excluded_lines": []}}}, "auralis/analysis/quality_metrics.py": {"executed_lines": [3, 10, 11, 12, 13, 15, 16, 17, 18, 21, 22, 23, 24, 27, 28, 29, 30, 31, 34, 37, 40, 41, 43, 44, 47, 54, 55, 56, 59, 61, 63, 67, 69, 70, 72, 73, 74, 75, 76, 77, 79, 81, 83, 94, 98, 101, 104, 107, 108, 109, 110, 111, 113, 115, 116, 119, 120, 121, 122, 123, 126, 134, 143, 146, 163, 174, 176, 179, 182, 183, 186, 187, 188, 189, 190, 192, 196, 198, 200, 202, 203, 206, 208, 210, 212, 213, 214, 217, 220, 222, 224, 225, 227, 230, 232, 234, 235, 236, 237, 240, 242, 243, 250, 253, 255, 256, 261, 264, 267, 270, 273, 276, 279, 280, 281, 283, 286, 289, 292, 293, 295, 298, 301, 303, 305, 306, 307, 311, 312, 314, 317, 320, 322, 323, 328, 329, 336, 338, 340, 341, 344, 345, 348, 351, 352, 354, 355, 356, 357, 360, 361, 365, 367, 370, 371, 372, 374, 376, 378, 379, 382, 383, 385, 386, 387, 388, 391, 392, 393, 397, 399, 401, 402, 403, 405, 414, 416, 418, 420, 422, 423, 425, 427, 431, 433, 434, 435, 436, 437, 439, 440, 441, 442, 444, 447, 449], "summary": {"covered_lines": 193, "num_statements": 228, "percent_covered": 84.64912280701755, "percent_covered_display": "85", "missing_lines": 35, "excluded_lines": 0}, "missing_lines": [71, 96, 207, 209, 211, 215, 221, 223, 241, 244, 245, 247, 254, 258, 282, 284, 294, 296, 313, 315, 321, 325, 330, 331, 333, 363, 395, 417, 419, 421, 438, 445, 451, 452, 454], "excluded_lines": [], "functions": {"QualityMetrics.__init__": {"executed_lines": [44, 47, 54, 55, 56, 59], "summary": {"covered_lines": 6, "num_statements": 6, "percent_covered": 100.0, "percent_covered_display": "100", "missing_lines": 0, "excluded_lines": 0}, "missing_lines": [], "excluded_lines": []}, "QualityMetrics._create_reference_curve": {"executed_lines": [63, 67, 69, 70, 72, 73, 74, 75, 76, 77, 79, 81], "summary": {"covered_lines": 12, "num_statements": 13, "percent_covered": 92.3076923076923, "percent_covered_display": "92", "missing_lines": 1, "excluded_lines": 0}, "missing_lines": [71], "excluded_lines": []}, "QualityMetrics.assess_quality": {"executed_lines": [94, 98, 101, 104, 107, 108, 109, 110, 111, 113, 115, 116, 119, 120, 121, 122, 123, 126, 134, 143, 146, 163], "summary": {"covered_lines": 22, "num_statements": 23, "percent_covered": 95.65217391304348, "percent_covered_display": "96", "missing_lines": 1, "excluded_lines": 0}, "missing_lines": [96], "excluded_lines": []}, "QualityMetrics._assess_frequency_response": {"executed_lines": [176, 179, 182, 183, 186, 187, 188, 189, 190, 192, 196, 198], "summary": {"covered_lines": 12, "num_statements": 12, "percent_covered": 100.0, "percent_covered_display": "100", "missing_lines": 0, "excluded_lines": 0}, "missing_lines": [], "excluded_lines": []}, "QualityMetrics._assess_dynamic_range": {"executed_lines": [202, 203, 206, 208, 210, 212, 213, 214, 217, 220, 222, 224, 225, 227, 230], "summary": {"covered_lines": 15, "num_statements": 21, "percent_covered": 71.42857142857143, "percent_covered_display": "71", "missing_lines": 6, "excluded_lines": 0}, "missing_lines": [207, 209, 211, 215, 221, 223], "excluded_lines": []}, "QualityMetrics._assess_stereo_imaging": {"executed_lines": [234, 235, 236, 237, 240, 242, 243, 250, 253, 255, 256, 261, 264], "summary": {"covered_lines": 13, "num_statements": 19, "percent_covered": 68.42105263157895, "percent_covered_display": "68", "missing_lines": 6, "excluded_lines": 0}, "missing_lines": [241, 244, 245, 247, 254, 258], "excluded_lines": []}, "QualityMetrics._assess_distortion": {"executed_lines": [270, 273, 276, 279, 280, 281, 283, 286, 289, 292, 293, 295, 298, 301], "summary": {"covered_lines": 14, "num_statements": 18, "percent_covered": 77.77777777777777, "percent_covered_display": "78", "missing_lines": 4, "excluded_lines": 0}, "missing_lines": [282, 284, 294, 296], "excluded_lines": []}, "QualityMetrics._assess_loudness": {"executed_lines": [305, 306, 307, 311, 312, 314, 317, 320, 322, 323, 328, 329, 336], "summary": {"covered_lines": 13, "num_statements": 20, "percent_covered": 65.0, "percent_covered_display": "65", "missing_lines": 7, "excluded_lines": 0}, "missing_lines": [313, 315, 321, 325, 330, 331, 333], "excluded_lines": []}, "QualityMetrics._estimate_thd": {"executed_lines": [340, 341, 344, 345, 348, 351, 352, 354, 355, 356, 357, 360, 361, 365], "summary": {"covered_lines": 14, "num_statements": 15, "percent_covered": 93.33333333333333, "percent_covered_display": "93", "missing_lines": 1, "excluded_lines": 0}, "missing_lines": [363], "excluded_lines": []}, "QualityMetrics._detect_clipping": {"executed_lines": [370, 371, 372, 374], "summary": {"covered_lines": 4, "num_statements": 4, "percent_covered": 100.0, "percent_covered_display": "100", "missing_lines": 0, "excluded_lines": 0}, "missing_lines": [], "excluded_lines": []}, "QualityMetrics._estimate_noise_floor": {"executed_lines": [378, 379, 382, 383, 385, 386, 387, 388, 391, 392, 393, 397], "summary": {"covered_lines": 12, "num_statements": 13, "percent_covered": 92.3076923076923, "percent_covered_display": "92", "missing_lines": 1, "excluded_lines": 0}, "missing_lines": [395], "excluded_lines": []}, "QualityMetrics._detailed_distortion_analysis": {"executed_lines": [401, 402, 403, 405], "summary": {"covered_lines": 4, "num_statements": 4, "percent_covered": 100.0, "percent_covered_display": "100", "missing_lines": 0, "excluded_lines": 0}, "missing_lines": [], "excluded_lines": []}, "QualityMetrics._categorize_quality": {"executed_lines": [416, 418, 420, 422, 423, 425], "summary": {"covered_lines": 6, "num_statements": 9, "percent_covered": 66.66666666666667, "percent_covered_display": "67", "missing_lines": 3, "excluded_lines": 0}, "missing_lines": [417, 419, 421], "excluded_lines": []}, "QualityMetrics._identify_quality_issues": {"executed_lines": [431, 433, 434, 435, 436, 437, 439, 440, 441, 442, 444, 447], "summary": {"covered_lines": 12, "num_statements": 14, "percent_covered": 85.71428571428571, "percent_covered_display": "86", "missing_lines": 2, "excluded_lines": 0}, "missing_lines": [438, 445], "excluded_lines": []}, "QualityMetrics.compare_quality": {"executed_lines": [], "summary": {"covered_lines": 0, "num_statements": 3, "percent_covered": 0.0, "percent_covered_display": "0", "missing_lines": 3, "excluded_lines": 0}, "missing_lines": [451, 452, 454], "excluded_lines": []}, "": {"executed_lines": [3, 10, 11, 12, 13, 15, 16, 17, 18, 21, 22, 23, 24, 27, 28, 29, 30, 31, 34, 37, 40, 41, 43, 61, 83, 174, 200, 232, 267, 303, 338, 367, 376, 399, 414, 427, 449], "summary": {"covered_lines": 34, "num_statements": 34, "percent_covered": 100.0, "percent_covered_display": "100", "missing_lines": 0, "excluded_lines": 0}, "missing_lines": [], "excluded_lines": []}}, "classes": {"QualityScores": {"executed_lines": [], "summary": {"covered_lines": 0, "num_statements": 0, "percent_covered": 100.0, "percent_covered_display": "100", "missing_lines": 0, "excluded_lines": 0}, "missing_lines": [], "excluded_lines": []}, "QualityMetrics": {"executed_lines": [44, 47, 54, 55, 56, 59, 63, 67, 69, 70, 72, 73, 74, 75, 76, 77, 79, 81, 94, 98, 101, 104, 107, 108, 109, 110, 111, 113, 115, 116, 119, 120, 121, 122, 123, 126, 134, 143, 146, 163, 176, 179, 182, 183, 186, 187, 188, 189, 190, 192, 196, 198, 202, 203, 206, 208, 210, 212, 213, 214, 217, 220, 222, 224, 225, 227, 230, 234, 235, 236, 237, 240, 242, 243, 250, 253, 255, 256, 261, 264, 270, 273, 276, 279, 280, 281, 283, 286, 289, 292, 293, 295, 298, 301, 305, 306, 307, 311, 312, 314, 317, 320, 322, 323, 328, 329, 336, 340, 341, 344, 345, 348, 351, 352, 354, 355, 356, 357, 360, 361, 365, 370, 371, 372, 374, 378, 379, 382, 383, 385, 386, 387, 388, 391, 392, 393, 397, 401, 402, 403, 405, 416, 418, 420, 422, 423, 425, 431, 433, 434, 435, 436, 437, 439, 440, 441, 442, 444, 447], "summary": {"covered_lines": 159, "num_statements": 194, "percent_covered": 81.95876288659794, "percent_covered_display": "82", "missing_lines": 35, "excluded_lines": 0}, "missing_lines": [71, 96, 207, 209, 211, 215, 221, 223, 241, 244, 245, 247, 254, 258, 282, 284, 294, 296, 313, 315, 321, 325, 330, 331, 333, 363, 395, 417, 419, 421, 438, 445, 451, 452, 454], "excluded_lines": []}, "": {"executed_lines": [3, 10, 11, 12, 13, 15, 16, 17, 18, 21, 22, 23, 24, 27, 28, 29, 30, 31, 34, 37, 40, 41, 43, 61, 83, 174, 200, 232, 267, 303, 338, 367, 376, 399, 414, 427, 449], "summary": {"covered_lines": 34, "num_statements": 34, "percent_covered": 100.0, "percent_covered_display": "100", "missing_lines": 0, "excluded_lines": 0}, "missing_lines": [], "excluded_lines": []}}}, "auralis/analysis/spectrum_analyzer.py": {"executed_lines": [3, 10, 11, 12, 13, 16, 17, 18, 19, 20, 21, 22, 23, 24, 25, 28, 29, 32, 33, 35, 36, 39, 42, 45, 51, 53, 55, 61, 63, 65, 73, 75, 76, 77, 80, 81, 83, 84, 86, 88, 89, 90, 93, 94, 96, 97, 99, 111, 112, 120, 121, 124, 127, 128, 131, 134, 137, 140, 141, 146, 149, 150, 151, 153, 167, 169, 171, 173, 174, 176, 177, 179, 182, 183, 184, 187, 189, 191, 193, 194, 195, 197, 198, 200, 211, 212, 215, 218, 219, 221, 222, 223, 225, 226, 227, 230, 231, 233, 237, 239, 256, 258, 259, 260, 261, 263, 264, 266], "summary": {"covered_lines": 105, "num_statements": 114, "percent_covered": 92.10526315789474, "percent_covered_display": "92", "missing_lines": 9, "excluded_lines": 0}, "missing_lines": [66, 68, 71, 113, 115, 117, 228, 234, 268], "excluded_lines": [], "functions": {"SpectrumAnalyzer.__init__": {"executed_lines": [36, 39, 42, 45, 51], "summary": {"covered_lines": 5, "num_statements": 5, "percent_covered": 100.0, "percent_covered_display": "100", "missing_lines": 0, "excluded_lines": 0}, "missing_lines": [], "excluded_lines": []}, "SpectrumAnalyzer._create_frequency_bins": {"executed_lines": [55], "summary": {"covered_lines": 1, "num_statements": 1, "percent_covered": 100.0, "percent_covered_display": "100", "missing_lines": 0, "excluded_lines": 0}, "missing_lines": [], "excluded_lines": []}, "SpectrumAnalyzer._init_weighting_filters": {"executed_lines": [63, 65], "summary": {"covered_lines": 2, "num_statements": 5, "percent_covered": 40.0, "percent_covered_display": "40", "missing_lines": 3, "excluded_lines": 0}, "missing_lines": [66, 68, 71], "excluded_lines": []}, "SpectrumAnalyzer._a_weighting_curve": {"executed_lines": [75, 76, 77, 80, 81, 83, 84], "summary": {"covered_lines": 7, "num_statements": 7, "percent_covered": 100.0, "percent_covered_display": "100", "missing_lines": 0, "excluded_lines": 0}, "missing_lines": [], "excluded_lines": []}, "SpectrumAnalyzer._c_weighting_curve": {"executed_lines": [88, 89, 90, 93, 94, 96, 97], "summary": {"covered_lines": 7, "num_statements": 7, "percent_covered": 100.0, "percent_covered_display": "100", "missing_lines": 0, "excluded_lines": 0}, "missing_lines": [], "excluded_lines": []}, "SpectrumAnalyzer.analyze_chunk": {"executed_lines": [111, 112, 120, 121, 124, 127, 128, 131, 134, 137, 140, 141, 146, 149, 150, 151, 153], "summary": {"covered_lines": 17, "num_statements": 20, "percent_covered": 85.0, "percent_covered_display": "85", "missing_lines": 3, "excluded_lines": 0}, "missing_lines": [113, 115, 117], "excluded_lines": []}, "SpectrumAnalyzer._map_to_bands": {"executed_lines": [169, 171, 173, 174, 176, 177, 179, 182, 183, 184, 187, 189], "summary": {"covered_lines": 12, "num_statements": 12, "percent_covered": 100.0, "percent_covered_display": "100", "missing_lines": 0, "excluded_lines": 0}, "missing_lines": [], "excluded_lines": []}, "SpectrumAnalyzer._calculate_rolloff": {"executed_lines": [193, 194, 195, 197, 198], "summary": {"covered_lines": 5, "num_statements": 5, "percent_covered": 100.0, "percent_covered_display": "100", "missing_lines": 0, "excluded_lines": 0}, "missing_lines": [], "excluded_lines": []}, "SpectrumAnalyzer.analyze_file": {"executed_lines": [211, 212, 215, 218, 219, 221, 222, 223, 225, 226, 227, 230, 231, 233, 237, 239], "summary": {"covered_lines": 16, "num_statements": 18, "percent_covered": 88.88888888888889, "percent_covered_display": "89", "missing_lines": 2, "excluded_lines": 0}, "missing_lines": [228, 234], "excluded_lines": []}, "SpectrumAnalyzer.get_frequency_band_names": {"executed_lines": [258, 259, 260, 261, 263, 264], "summary": {"covered_lines": 6, "num_statements": 6, "percent_covered": 100.0, "percent_covered_display": "100", "missing_lines": 0, "excluded_lines": 0}, "missing_lines": [], "excluded_lines": []}, "SpectrumAnalyzer.reset_smoothing": {"executed_lines": [], "summary": {"covered_lines": 0, "num_statements": 1, "percent_covered": 0.0, "percent_covered_display": "0", "missing_lines": 1, "excluded_lines": 0}, "missing_lines": [268], "excluded_lines": []}, "": {"executed_lines": [3, 10, 11, 12, 13, 16, 17, 18, 19, 20, 21, 22, 23, 24, 25, 28, 29, 32, 33, 35, 53, 61, 73, 86, 99, 167, 191, 200, 256, 266], "summary": {"covered_lines": 27, "num_statements": 27, "percent_covered": 100.0, "percent_covered_display": "100", "missing_lines": 0, "excluded_lines": 0}, "missing_lines": [], "excluded_lines": []}}, "classes": {"SpectrumSettings": {"executed_lines": [], "summary": {"covered_lines": 0, "num_statements": 0, "percent_covered": 100.0, "percent_covered_display": "100", "missing_lines": 0, "excluded_lines": 0}, "missing_lines": [], "excluded_lines": []}, "SpectrumAnalyzer": {"executed_lines": [36, 39, 42, 45, 51, 55, 63, 65, 75, 76, 77, 80, 81, 83, 84, 88, 89, 90, 93, 94, 96, 97, 111, 112, 120, 121, 124, 127, 128, 131, 134, 137, 140, 141, 146, 149, 150, 151, 153, 169, 171, 173, 174, 176, 177, 179, 182, 183, 184, 187, 189, 193, 194, 195, 197, 198, 211, 212, 215, 218, 219, 221, 222, 223, 225, 226, 227, 230, 231, 233, 237, 239, 258, 259, 260, 261, 263, 264], "summary": {"covered_lines": 78, "num_statements": 87, "percent_covered": 89.65517241379311, "percent_covered_display": "90", "missing_lines": 9, "excluded_lines": 0}, "missing_lines": [66, 68, 71, 113, 115, 117, 228, 234, 268], "excluded_lines": []}, "": {"executed_lines": [3, 10, 11, 12, 13, 16, 17, 18, 19, 20, 21, 22, 23, 24, 25, 28, 29, 32, 33, 35, 53, 61, 73, 86, 99, 167, 191, 200, 256, 266], "summary": {"covered_lines": 27, "num_statements": 27, "percent_covered": 100.0, "percent_covered_display": "100", "missing_lines": 0, "excluded_lines": 0}, "missing_lines": [], "excluded_lines": []}}}, "auralis/core/__init__.py": {"executed_lines": [3, 15, 16, 18], "summary": {"covered_lines": 3, "num_statements": 3, "percent_covered": 100.0, "percent_covered_display": "100", "missing_lines": 0, "excluded_lines": 0}, "missing_lines": [], "excluded_lines": [], "functions": {"": {"executed_lines": [3, 15, 16, 18], "summary": {"covered_lines": 3, "num_statements": 3, "percent_covered": 100.0, "percent_covered_display": "100", "missing_lines": 0, "excluded_lines": 0}, "missing_lines": [], "excluded_lines": []}}, "classes": {"": {"executed_lines": [3, 15, 16, 18], "summary": {"covered_lines": 3, "num_statements": 3, "percent_covered": 100.0, "percent_covered_display": "100", "missing_lines": 0, "excluded_lines": 0}, "missing_lines": [], "excluded_lines": []}}}, "auralis/core/config.py": {"executed_lines": [3, 15, 16, 19, 20, 22, 33, 34, 36, 37, 39, 40, 42, 44, 45, 46, 48, 50, 51, 52, 54, 57, 58, 60, 69, 70, 71, 74, 75, 76, 77, 80, 83, 86, 87, 88, 90, 92, 93], "summary": {"covered_lines": 36, "num_statements": 36, "percent_covered": 100.0, "percent_covered_display": "100", "missing_lines": 0, "excluded_lines": 0}, "missing_lines": [], "excluded_lines": [], "functions": {"LimiterConfig.__init__": {"executed_lines": [33, 34, 36, 37, 39, 40, 42, 44, 45, 46, 48, 50, 51, 52, 54], "summary": {"covered_lines": 15, "num_statements": 15, "percent_covered": 100.0, "percent_covered_display": "100", "missing_lines": 0, "excluded_lines": 0}, "missing_lines": [], "excluded_lines": []}, "Config.__init__": {"executed_lines": [69, 70, 71, 74, 75, 76, 77, 80, 83, 86, 87, 88, 90], "summary": {"covered_lines": 13, "num_statements": 13, "percent_covered": 100.0, "percent_covered_display": "100", "missing_lines": 0, "excluded_lines": 0}, "missing_lines": [], "excluded_lines": []}, "Config.__repr__": {"executed_lines": [93], "summary": {"covered_lines": 1, "num_statements": 1, "percent_covered": 100.0, "percent_covered_display": "100", "missing_lines": 0, "excluded_lines": 0}, "missing_lines": [], "excluded_lines": []}, "": {"executed_lines": [3, 15, 16, 19, 20, 22, 57, 58, 60, 92], "summary": {"covered_lines": 7, "num_statements": 7, "percent_covered": 100.0, "percent_covered_display": "100", "missing_lines": 0, "excluded_lines": 0}, "missing_lines": [], "excluded_lines": []}}, "classes": {"LimiterConfig": {"executed_lines": [33, 34, 36, 37, 39, 40, 42, 44, 45, 46, 48, 50, 51, 52, 54], "summary": {"covered_lines": 15, "num_statements": 15, "percent_covered": 100.0, "percent_covered_display": "100", "missing_lines": 0, "excluded_lines": 0}, "missing_lines": [], "excluded_lines": []}, "Config": {"executed_lines": [69, 70, 71, 74, 75, 76, 77, 80, 83, 86, 87, 88, 90, 93], "summary": {"covered_lines": 14, "num_statements": 14, "percent_covered": 100.0, "percent_covered_display": "100", "missing_lines": 0, "excluded_lines": 0}, "missing_lines": [], "excluded_lines": []}, "": {"executed_lines": [3, 15, 16, 19, 20, 22, 57, 58, 60, 92], "summary": {"covered_lines": 7, "num_statements": 7, "percent_covered": 100.0, "percent_covered_display": "100", "missing_lines": 0, "excluded_lines": 0}, "missing_lines": [], "excluded_lines": []}}}, "auralis/core/hybrid_processor.py": {"executed_lines": [3, 15, 16, 17, 18, 20, 21, 27, 28, 29, 30, 31, 32, 33, 34, 37, 38, 40, 41, 42, 43, 46, 47, 48, 49, 57, 67, 69, 71, 73, 76, 77, 78, 81, 82, 83, 86, 89, 90, 91, 96, 102, 104, 130, 134, 136, 139, 140, 142, 143, 144, 151, 169, 231, 233, 234, 235, 236, 238, 240, 242, 246, 247, 249, 250, 251, 252, 254, 255, 257, 258, 260, 261, 263, 267, 268, 270, 271, 272, 277, 278, 280, 281, 282, 284, 294, 297, 298, 301, 304, 311, 314, 316, 321, 332, 333, 334, 335, 336, 337, 338, 341, 342, 345, 346, 347, 350, 351, 352, 353, 354, 355, 358, 359, 360, 361, 366, 367, 368, 370, 371, 372, 373, 374, 375, 376, 377, 378, 379, 381, 384, 387, 390, 391, 395, 396, 397, 398, 401, 406, 409, 417, 424, 425, 428, 429, 432, 433, 435, 437, 476, 480, 483, 486, 489, 491, 493, 496, 499, 502, 504, 508, 511, 513, 515, 518, 520, 526, 529, 532, 533, 536, 537, 539, 544, 547, 548, 553, 555, 558, 560, 563, 564, 566, 567, 569, 570, 573, 576, 578, 581, 586, 587, 588, 589, 590, 593, 597, 599, 603, 606, 609, 612, 615, 618, 621, 623, 626, 628, 630, 633, 638, 639, 640, 642, 646, 667, 669, 670, 671, 672, 673, 674, 675, 678, 679, 681, 684, 685, 686, 692, 693, 697, 698, 699, 700, 702, 704, 709, 739, 773, 818, 821, 822, 825, 826, 827, 828, 829, 832, 833, 835, 836, 838, 839, 841, 842, 844, 845, 853, 855, 858, 859, 862, 866, 867, 868, 870, 872, 879, 893, 898, 903, 913, 922, 927, 934, 959, 976, 984, 992, 995, 998, 1003, 1007, 1009, 1013, 1015, 1025, 1027, 1028, 1029, 1035, 1046, 1058], "summary": {"covered_lines": 291, "num_statements": 485, "percent_covered": 60.0, "percent_covered_display": "60", "missing_lines": 194, "excluded_lines": 0}, "missing_lines": [50, 51, 52, 53, 55, 145, 146, 149, 155, 156, 158, 161, 162, 163, 164, 165, 167, 174, 186, 187, 188, 189, 190, 191, 194, 195, 196, 197, 198, 199, 202, 203, 204, 205, 206, 209, 210, 211, 212, 213, 214, 217, 218, 221, 222, 223, 225, 243, 264, 274, 305, 343, 344, 362, 363, 458, 461, 462, 464, 467, 468, 469, 470, 471, 472, 474, 484, 516, 523, 524, 541, 550, 551, 594, 635, 636, 682, 683, 687, 688, 689, 694, 695, 696, 712, 713, 715, 716, 717, 720, 721, 722, 723, 726, 731, 732, 733, 735, 737, 751, 753, 755, 757, 760, 763, 767, 769, 770, 771, 777, 778, 780, 783, 784, 787, 788, 789, 790, 792, 795, 796, 797, 798, 799, 801, 804, 809, 848, 849, 851, 863, 864, 875, 877, 881, 882, 884, 895, 896, 900, 901, 905, 908, 909, 911, 915, 916, 917, 918, 920, 924, 925, 929, 931, 932, 938, 939, 940, 942, 943, 944, 947, 956, 957, 962, 963, 965, 973, 974, 978, 979, 980, 982, 986, 987, 988, 990, 1011, 1031, 1038, 1039, 1040, 1042, 1043, 1050, 1051, 1052, 1054, 1055, 1062, 1063, 1064, 1066, 1067], "excluded_lines": [], "functions": {"ContentAnalyzer.__init__": {"executed_lines": [41, 42, 43, 46, 47, 48, 49], "summary": {"covered_lines": 7, "num_statements": 12, "percent_covered": 58.333333333333336, "percent_covered_display": "58", "missing_lines": 5, "excluded_lines": 0}, "missing_lines": [50, 51, 52, 53, 55], "excluded_lines": []}, "ContentAnalyzer.analyze_content": {"executed_lines": [67, 69, 71, 73, 76, 77, 78, 81, 82, 83, 86, 89, 90, 91, 96, 102, 104, 130, 134], "summary": {"covered_lines": 19, "num_statements": 19, "percent_covered": 100.0, "percent_covered_display": "100", "missing_lines": 0, "excluded_lines": 0}, "missing_lines": [], "excluded_lines": []}, "ContentAnalyzer._classify_genre_advanced": {"executed_lines": [139, 140, 142, 143, 144], "summary": {"covered_lines": 5, "num_statements": 8, "percent_covered": 62.5, "percent_covered_display": "62", "missing_lines": 3, "excluded_lines": 0}, "missing_lines": [145, 146, 149], "excluded_lines": []}, "ContentAnalyzer._classify_genre_rule_based": {"executed_lines": [], "summary": {"covered_lines": 0, "num_statements": 9, "percent_covered": 0.0, "percent_covered_display": "0", "missing_lines": 9, "excluded_lines": 0}, "missing_lines": [155, 156, 158, 161, 162, 163, 164, 165, 167], "excluded_lines": []}, "ContentAnalyzer._classify_genre": {"executed_lines": [], "summary": {"covered_lines": 0, "num_statements": 30, "percent_covered": 0.0, "percent_covered_display": "0", "missing_lines": 30, "excluded_lines": 0}, "missing_lines": [174, 186, 187, 188, 189, 190, 191, 194, 195, 196, 197, 198, 199, 202, 203, 204, 205, 206, 209, 210, 211, 212, 213, 214, 217, 218, 221, 222, 223, 225], "excluded_lines": []}, "ContentAnalyzer._categorize_energy_level": {"executed_lines": [233, 234, 235, 236, 238], "summary": {"covered_lines": 5, "num_statements": 5, "percent_covered": 100.0, "percent_covered_display": "100", "missing_lines": 0, "excluded_lines": 0}, "missing_lines": [], "excluded_lines": []}, "ContentAnalyzer._estimate_dynamic_range": {"executed_lines": [242, 246, 247, 249, 250, 251, 252, 254, 255, 257, 258, 260, 261, 263, 267, 268, 270, 271, 272], "summary": {"covered_lines": 19, "num_statements": 22, "percent_covered": 86.36363636363636, "percent_covered_display": "86", "missing_lines": 3, "excluded_lines": 0}, "missing_lines": [243, 264, 274], "excluded_lines": []}, "AdaptiveTargetGenerator.__init__": {"executed_lines": [281, 282], "summary": {"covered_lines": 2, "num_statements": 2, "percent_covered": 100.0, "percent_covered_display": "100", "missing_lines": 0, "excluded_lines": 0}, "missing_lines": [], "excluded_lines": []}, "AdaptiveTargetGenerator.generate_targets": {"executed_lines": [294, 297, 298, 301, 304, 311, 314], "summary": {"covered_lines": 7, "num_statements": 8, "percent_covered": 87.5, "percent_covered_display": "88", "missing_lines": 1, "excluded_lines": 0}, "missing_lines": [305], "excluded_lines": []}, "AdaptiveTargetGenerator._adapt_targets_to_content": {"executed_lines": [321, 332, 333, 334, 335, 336, 337, 338, 341, 342, 345, 346, 347, 350, 351, 352, 353, 354, 355, 358, 359, 360, 361, 366, 367, 368, 370, 371, 372, 373, 374, 375, 376, 377, 378, 379, 381, 384, 387], "summary": {"covered_lines": 39, "num_statements": 43, "percent_covered": 90.69767441860465, "percent_covered_display": "91", "missing_lines": 4, "excluded_lines": 0}, "missing_lines": [343, 344, 362, 363], "excluded_lines": []}, "HybridProcessor.__init__": {"executed_lines": [396, 397, 398, 401, 406, 409, 417, 424, 425, 428, 429, 432, 433, 435], "summary": {"covered_lines": 14, "num_statements": 14, "percent_covered": 100.0, "percent_covered_display": "100", "missing_lines": 0, "excluded_lines": 0}, "missing_lines": [], "excluded_lines": []}, "HybridProcessor.process": {"executed_lines": [], "summary": {"covered_lines": 0, "num_statements": 11, "percent_covered": 0.0, "percent_covered_display": "0", "missing_lines": 11, "excluded_lines": 0}, "missing_lines": [458, 461, 462, 464, 467, 468, 469, 470, 471, 472, 474], "excluded_lines": []}, "HybridProcessor._process_reference_mode": {"executed_lines": [480, 483, 486, 489], "summary": {"covered_lines": 4, "num_statements": 5, "percent_covered": 80.0, "percent_covered_display": "80", "missing_lines": 1, "excluded_lines": 0}, "missing_lines": [484], "excluded_lines": []}, "HybridProcessor._process_adaptive_mode": {"executed_lines": [493, 496, 499, 502], "summary": {"covered_lines": 4, "num_statements": 4, "percent_covered": 100.0, "percent_covered_display": "100", "missing_lines": 0, "excluded_lines": 0}, "missing_lines": [], "excluded_lines": []}, "HybridProcessor._process_hybrid_mode": {"executed_lines": [508, 511, 513, 515, 518, 520], "summary": {"covered_lines": 6, "num_statements": 9, "percent_covered": 66.66666666666667, "percent_covered_display": "67", "missing_lines": 3, "excluded_lines": 0}, "missing_lines": [516, 523, 524], "excluded_lines": []}, "HybridProcessor._apply_reference_matching": {"executed_lines": [529, 532, 533, 536, 537, 539, 544, 547, 548, 553], "summary": {"covered_lines": 10, "num_statements": 13, "percent_covered": 76.92307692307692, "percent_covered_display": "77", "missing_lines": 3, "excluded_lines": 0}, "missing_lines": [541, 550, 551], "excluded_lines": []}, "HybridProcessor._apply_adaptive_processing": {"executed_lines": [558, 560, 563, 564, 566, 567, 569, 570, 573, 576, 578, 581, 586, 587, 588, 589, 590, 593, 597], "summary": {"covered_lines": 19, "num_statements": 20, "percent_covered": 95.0, "percent_covered_display": "95", "missing_lines": 1, "excluded_lines": 0}, "missing_lines": [594], "excluded_lines": []}, "HybridProcessor._apply_hybrid_processing": {"executed_lines": [603, 606, 609, 612, 615, 618, 621], "summary": {"covered_lines": 7, "num_statements": 7, "percent_covered": 100.0, "percent_covered_display": "100", "missing_lines": 0, "excluded_lines": 0}, "missing_lines": [], "excluded_lines": []}, "HybridProcessor._apply_psychoacoustic_eq": {"executed_lines": [626, 628, 630, 633, 638, 639, 640], "summary": {"covered_lines": 7, "num_statements": 9, "percent_covered": 77.77777777777777, "percent_covered_display": "78", "missing_lines": 2, "excluded_lines": 0}, "missing_lines": [635, 636], "excluded_lines": []}, "HybridProcessor._targets_to_eq_curve": {"executed_lines": [646, 667, 669, 670, 671, 672, 673, 674, 675, 678, 679, 681, 684, 685, 686, 692, 693, 697, 698, 699, 700, 702], "summary": {"covered_lines": 22, "num_statements": 30, "percent_covered": 73.33333333333333, "percent_covered_display": "73", "missing_lines": 8, "excluded_lines": 0}, "missing_lines": [682, 683, 687, 688, 689, 694, 695, 696], "excluded_lines": []}, "HybridProcessor._process_with_psychoacoustic_eq": {"executed_lines": [709], "summary": {"covered_lines": 1, "num_statements": 16, "percent_covered": 6.25, "percent_covered_display": "6", "missing_lines": 15, "excluded_lines": 0}, "missing_lines": [712, 713, 715, 716, 717, 720, 721, 722, 723, 726, 731, 732, 733, 735, 737], "excluded_lines": []}, "HybridProcessor.process_realtime_chunk": {"executed_lines": [], "summary": {"covered_lines": 0, "num_statements": 10, "percent_covered": 0.0, "percent_covered_display": "0", "missing_lines": 10, "excluded_lines": 0}, "missing_lines": [751, 753, 755, 757, 760, 763, 767, 769, 770, 771], "excluded_lines": []}, "HybridProcessor._quick_content_analysis": {"executed_lines": [], "summary": {"covered_lines": 0, "num_statements": 18, "percent_covered": 0.0, "percent_covered_display": "0", "missing_lines": 18, "excluded_lines": 0}, "missing_lines": [777, 778, 780, 783, 784, 787, 788, 789, 790, 792, 795, 796, 797, 798, 799, 801, 804, 809], "excluded_lines": []}, "HybridProcessor._eq_curve_to_array": {"executed_lines": [821, 822, 825, 826, 827, 828, 829, 832, 833, 835, 836, 838, 839, 841, 842, 844, 845], "summary": {"covered_lines": 17, "num_statements": 20, "percent_covered": 85.0, "percent_covered_display": "85", "missing_lines": 3, "excluded_lines": 0}, "missing_lines": [848, 849, 851], "excluded_lines": []}, "HybridProcessor._apply_simple_eq_fallback": {"executed_lines": [855, 858, 859, 862, 866, 867, 868, 870], "summary": {"covered_lines": 8, "num_statements": 10, "percent_covered": 80.0, "percent_covered_display": "80", "missing_lines": 2, "excluded_lines": 0}, "missing_lines": [863, 864], "excluded_lines": []}, "HybridProcessor._load_audio_placeholder": {"executed_lines": [], "summary": {"covered_lines": 0, "num_statements": 2, "percent_covered": 0.0, "percent_covered_display": "0", "missing_lines": 2, "excluded_lines": 0}, "missing_lines": [875, 877], "excluded_lines": []}, "HybridProcessor.get_realtime_eq_info": {"executed_lines": [], "summary": {"covered_lines": 0, "num_statements": 3, "percent_covered": 0.0, "percent_covered_display": "0", "missing_lines": 3, "excluded_lines": 0}, "missing_lines": [881, 882, 884], "excluded_lines": []}, "HybridProcessor.set_realtime_eq_parameters": {"executed_lines": [], "summary": {"covered_lines": 0, "num_statements": 2, "percent_covered": 0.0, "percent_covered_display": "0", "missing_lines": 2, "excluded_lines": 0}, "missing_lines": [895, 896], "excluded_lines": []}, "HybridProcessor.reset_realtime_eq": {"executed_lines": [], "summary": {"covered_lines": 0, "num_statements": 2, "percent_covered": 0.0, "percent_covered_display": "0", "missing_lines": 2, "excluded_lines": 0}, "missing_lines": [900, 901], "excluded_lines": []}, "HybridProcessor.get_dynamics_info": {"executed_lines": [], "summary": {"covered_lines": 0, "num_statements": 4, "percent_covered": 0.0, "percent_covered_display": "0", "missing_lines": 4, "excluded_lines": 0}, "missing_lines": [905, 908, 909, 911], "excluded_lines": []}, "HybridProcessor.set_dynamics_mode": {"executed_lines": [], "summary": {"covered_lines": 0, "num_statements": 5, "percent_covered": 0.0, "percent_covered_display": "0", "missing_lines": 5, "excluded_lines": 0}, "missing_lines": [915, 916, 917, 918, 920], "excluded_lines": []}, "HybridProcessor.reset_dynamics": {"executed_lines": [], "summary": {"covered_lines": 0, "num_statements": 2, "percent_covered": 0.0, "percent_covered_display": "0", "missing_lines": 2, "excluded_lines": 0}, "missing_lines": [924, 925], "excluded_lines": []}, "HybridProcessor.set_user": {"executed_lines": [], "summary": {"covered_lines": 0, "num_statements": 3, "percent_covered": 0.0, "percent_covered_display": "0", "missing_lines": 3, "excluded_lines": 0}, "missing_lines": [929, 931, 932], "excluded_lines": []}, "HybridProcessor.record_user_feedback": {"executed_lines": [], "summary": {"covered_lines": 0, "num_statements": 9, "percent_covered": 0.0, "percent_covered_display": "0", "missing_lines": 9, "excluded_lines": 0}, "missing_lines": [938, 939, 940, 942, 943, 944, 947, 956, 957], "excluded_lines": []}, "HybridProcessor.record_parameter_adjustment": {"executed_lines": [], "summary": {"covered_lines": 0, "num_statements": 5, "percent_covered": 0.0, "percent_covered_display": "0", "missing_lines": 5, "excluded_lines": 0}, "missing_lines": [962, 963, 965, 973, 974], "excluded_lines": []}, "HybridProcessor.get_user_insights": {"executed_lines": [], "summary": {"covered_lines": 0, "num_statements": 4, "percent_covered": 0.0, "percent_covered_display": "0", "missing_lines": 4, "excluded_lines": 0}, "missing_lines": [978, 979, 980, 982], "excluded_lines": []}, "HybridProcessor.save_user_preferences": {"executed_lines": [], "summary": {"covered_lines": 0, "num_statements": 4, "percent_covered": 0.0, "percent_covered_display": "0", "missing_lines": 4, "excluded_lines": 0}, "missing_lines": [986, 987, 988, 990], "excluded_lines": []}, "HybridProcessor._optimize_processing_methods": {"executed_lines": [995, 998, 1003, 1007], "summary": {"covered_lines": 4, "num_statements": 4, "percent_covered": 100.0, "percent_covered_display": "100", "missing_lines": 0, "excluded_lines": 0}, "missing_lines": [], "excluded_lines": []}, "HybridProcessor.get_performance_stats": {"executed_lines": [], "summary": {"covered_lines": 0, "num_statem
[...]
53, 57, 63, 77, 91, 97, 98, 109, 147, 151, 159, 196, 218, 252, 283, 299, 308, 318, 339, 355, 367, 424, 431, 436, 441, 485, 503, 515, 527, 531, 588, 598, 603, 608], "summary": {"covered_lines": 55, "num_statements": 55, "percent_covered": 100.0, "percent_covered_display": "100", "missing_lines": 0, "excluded_lines": 0}, "missing_lines": [], "excluded_lines": []}}}, "auralis/player/realtime_processor.py": {"executed_lines": [3, 14, 15, 16, 17, 19, 20, 23, 24, 26, 27, 28, 29, 30, 31, 32, 34, 36, 37, 38, 40, 44, 47, 50, 54, 60, 92, 93, 95, 96, 97, 98, 99, 101, 105, 122, 123, 125, 126, 127, 128, 129, 130, 133, 138, 140, 153, 155, 156, 186, 197, 198, 200, 201, 202, 203, 206, 213, 215, 224, 249, 258, 259, 264, 265, 266, 269, 270, 273, 276, 277, 282, 283, 284, 285, 286, 288, 301, 315, 321, 331, 334, 336, 337, 340, 341, 344, 348, 349, 353, 354, 355, 357, 359, 378], "summary": {"covered_lines": 89, "num_statements": 192, "percent_covered": 46.354166666666664, "percent_covered_display": "46", "missing_lines": 103, "excluded_lines": 0}, "missing_lines": [41, 45, 51, 52, 53, 55, 56, 57, 58, 62, 63, 70, 73, 74, 75, 76, 77, 78, 79, 81, 103, 107, 108, 111, 112, 114, 117, 119, 142, 143, 144, 145, 148, 149, 150, 151, 159, 161, 162, 165, 166, 169, 172, 173, 176, 179, 180, 181, 182, 184, 188, 217, 218, 219, 221, 222, 226, 227, 230, 234, 237, 238, 239, 240, 244, 245, 247, 251, 290, 291, 293, 294, 296, 297, 299, 303, 304, 305, 308, 309, 310, 311, 313, 317, 318, 319, 332, 345, 350, 361, 362, 376, 380, 381, 382, 383, 384, 386, 387, 388, 391, 392, 394], "excluded_lines": [], "functions": {"PerformanceMonitor.__init__": {"executed_lines": [27, 28, 29, 30, 31, 32], "summary": {"covered_lines": 6, "num_statements": 6, "percent_covered": 100.0, "percent_covered_display": "100", "missing_lines": 0, "excluded_lines": 0}, "missing_lines": [], "excluded_lines": []}, "PerformanceMonitor.record_processing_time": {"executed_lines": [36, 37, 38, 40, 44, 47, 50, 54], "summary": {"covered_lines": 8, "num_statements": 17, "percent_covered": 47.05882352941177, "percent_covered_display": "47", "missing_lines": 9, "excluded_lines": 0}, "missing_lines": [41, 45, 51, 52, 53, 55, 56, 57, 58], "excluded_lines": []}, "PerformanceMonitor.get_stats": {"executed_lines": [], "summary": {"covered_lines": 0, "num_statements": 11, "percent_covered": 0.0, "percent_covered_display": "0", "missing_lines": 11, "excluded_lines": 0}, "missing_lines": [62, 63, 70, 73, 74, 75, 76, 77, 78, 79, 81], "excluded_lines": []}, "AdaptiveGainSmoother.__init__": {"executed_lines": [96, 97, 98, 99], "summary": {"covered_lines": 4, "num_statements": 4, "percent_covered": 100.0, "percent_covered_display": "100", "missing_lines": 0, "excluded_lines": 0}, "missing_lines": [], "excluded_lines": []}, "AdaptiveGainSmoother.set_target": {"executed_lines": [], "summary": {"covered_lines": 0, "num_statements": 1, "percent_covered": 0.0, "percent_covered_display": "0", "missing_lines": 1, "excluded_lines": 0}, "missing_lines": [103], "excluded_lines": []}, "AdaptiveGainSmoother.process": {"executed_lines": [], "summary": {"covered_lines": 0, "num_statements": 7, "percent_covered": 0.0, "percent_covered_display": "0", "missing_lines": 7, "excluded_lines": 0}, "missing_lines": [107, 108, 111, 112, 114, 117, 119], "excluded_lines": []}, "RealtimeLevelMatcher.__init__": {"executed_lines": [126, 127, 128, 129, 130, 133, 138], "summary": {"covered_lines": 7, "num_statements": 7, "percent_covered": 100.0, "percent_covered_display": "100", "missing_lines": 0, "excluded_lines": 0}, "missing_lines": [], "excluded_lines": []}, "RealtimeLevelMatcher.set_reference_audio": {"executed_lines": [], "summary": {"covered_lines": 0, "num_statements": 8, "percent_covered": 0.0, "percent_covered_display": "0", "missing_lines": 8, "excluded_lines": 0}, "missing_lines": [142, 143, 144, 145, 148, 149, 150, 151], "excluded_lines": []}, "RealtimeLevelMatcher.process": {"executed_lines": [155, 156], "summary": {"covered_lines": 2, "num_statements": 16, "percent_covered": 12.5, "percent_covered_display": "12", "missing_lines": 14, "excluded_lines": 0}, "missing_lines": [159, 161, 162, 165, 166, 169, 172, 173, 176, 179, 180, 181, 182, 184], "excluded_lines": []}, "RealtimeLevelMatcher.get_stats": {"executed_lines": [], "summary": {"covered_lines": 0, "num_statements": 1, "percent_covered": 0.0, "percent_covered_display": "0", "missing_lines": 1, "excluded_lines": 0}, "missing_lines": [188], "excluded_lines": []}, "AutoMasterProcessor.__init__": {"executed_lines": [201, 202, 203, 206, 213], "summary": {"covered_lines": 5, "num_statements": 5, "percent_covered": 100.0, "percent_covered_display": "100", "missing_lines": 0, "excluded_lines": 0}, "missing_lines": [], "excluded_lines": []}, "AutoMasterProcessor.set_profile": {"executed_lines": [], "summary": {"covered_lines": 0, "num_statements": 5, "percent_covered": 0.0, "percent_covered_display": "0", "missing_lines": 5, "excluded_lines": 0}, "missing_lines": [217, 218, 219, 221, 222], "excluded_lines": []}, "AutoMasterProcessor.process": {"executed_lines": [], "summary": {"covered_lines": 0, "num_statements": 11, "percent_covered": 0.0, "percent_covered_display": "0", "missing_lines": 11, "excluded_lines": 0}, "missing_lines": [226, 227, 230, 234, 237, 238, 239, 240, 244, 245, 247], "excluded_lines": []}, "AutoMasterProcessor.get_stats": {"executed_lines": [], "summary": {"covered_lines": 0, "num_statements": 1, "percent_covered": 0.0, "percent_covered_display": "0", "missing_lines": 1, "excluded_lines": 0}, "missing_lines": [251], "excluded_lines": []}, "RealtimeProcessor.__init__": {"executed_lines": [265, 266, 269, 270, 273, 276, 277, 282, 283, 284, 285, 286], "summary": {"covered_lines": 12, "num_statements": 12, "percent_covered": 100.0, "percent_covered_display": "100", "missing_lines": 0, "excluded_lines": 0}, "missing_lines": [], "excluded_lines": []}, "RealtimeProcessor.set_reference_audio": {"executed_lines": [], "summary": {"covered_lines": 0, "num_statements": 7, "percent_covered": 0.0, "percent_covered_display": "0", "missing_lines": 7, "excluded_lines": 0}, "missing_lines": [290, 291, 293, 294, 296, 297, 299], "excluded_lines": []}, "RealtimeProcessor.set_effect_enabled": {"executed_lines": [], "summary": {"covered_lines": 0, "num_statements": 8, "percent_covered": 0.0, "percent_covered_display": "0", "missing_lines": 8, "excluded_lines": 0}, "missing_lines": [303, 304, 305, 308, 309, 310, 311, 313], "excluded_lines": []}, "RealtimeProcessor.set_auto_master_profile": {"executed_lines": [], "summary": {"covered_lines": 0, "num_statements": 3, "percent_covered": 0.0, "percent_covered_display": "0", "missing_lines": 3, "excluded_lines": 0}, "missing_lines": [317, 318, 319], "excluded_lines": []}, "RealtimeProcessor.process_chunk": {"executed_lines": [331, 334, 336, 337, 340, 341, 344, 348, 349, 353, 354, 355, 357], "summary": {"covered_lines": 13, "num_statements": 16, "percent_covered": 81.25, "percent_covered_display": "81", "missing_lines": 3, "excluded_lines": 0}, "missing_lines": [332, 345, 350], "excluded_lines": []}, "RealtimeProcessor.get_processing_info": {"executed_lines": [], "summary": {"covered_lines": 0, "num_statements": 3, "percent_covered": 0.0, "percent_covered_display": "0", "missing_lines": 3, "excluded_lines": 0}, "missing_lines": [361, 362, 376], "excluded_lines": []}, "RealtimeProcessor.reset_all_effects": {"executed_lines": [], "summary": {"covered_lines": 0, "num_statements": 11, "percent_covered": 0.0, "percent_covered_display": "0", "missing_lines": 11, "excluded_lines": 0}, "missing_lines": [380, 381, 382, 383, 384, 386, 387, 388, 391, 392, 394], "excluded_lines": []}, "": {"executed_lines": [3, 14, 15, 16, 17, 19, 20, 23, 24, 26, 34, 60, 92, 93, 95, 101, 105, 122, 123, 125, 140, 153, 186, 197, 198, 200, 215, 224, 249, 258, 259, 264, 288, 301, 315, 321, 359, 378], "summary": {"covered_lines": 32, "num_statements": 32, "percent_covered": 100.0, "percent_covered_display": "100", "missing_lines": 0, "excluded_lines": 0}, "missing_lines": [], "excluded_lines": []}}, "classes": {"PerformanceMonitor": {"executed_lines": [27, 28, 29, 30, 31, 32, 36, 37, 38, 40, 44, 47, 50, 54], "summary": {"covered_lines": 14, "num_statements": 34, "percent_covered": 41.1764705882353, "percent_covered_display": "41", "missing_lines": 20, "excluded_lines": 0}, "missing_lines": [41, 45, 51, 52, 53, 55, 56, 57, 58, 62, 63, 70, 73, 74, 75, 76, 77, 78, 79, 81], "excluded_lines": []}, "AdaptiveGainSmoother": {"executed_lines": [96, 97, 98, 99], "summary": {"covered_lines": 4, "num_statements": 12, "percent_covered": 33.333333333333336, "percent_covered_display": "33", "missing_lines": 8, "excluded_lines": 0}, "missing_lines": [103, 107, 108, 111, 112, 114, 117, 119], "excluded_lines": []}, "RealtimeLevelMatcher": {"executed_lines": [126, 127, 128, 129, 130, 133, 138, 155, 156], "summary": {"covered_lines": 9, "num_statements": 32, "percent_covered": 28.125, "percent_covered_display": "28", "missing_lines": 23, "excluded_lines": 0}, "missing_lines": [142, 143, 144, 145, 148, 149, 150, 151, 159, 161, 162, 165, 166, 169, 172, 173, 176, 179, 180, 181, 182, 184, 188], "excluded_lines": []}, "AutoMasterProcessor": {"executed_lines": [201, 202, 203, 206, 213], "summary": {"covered_lines": 5, "num_statements": 22, "percent_covered": 22.727272727272727, "percent_covered_display": "23", "missing_lines": 17, "excluded_lines": 0}, "missing_lines": [217, 218, 219, 221, 222, 226, 227, 230, 234, 237, 238, 239, 240, 244, 245, 247, 251], "excluded_lines": []}, "RealtimeProcessor": {"executed_lines": [265, 266, 269, 270, 273, 276, 277, 282, 283, 284, 285, 286, 331, 334, 336, 337, 340, 341, 344, 348, 349, 353, 354, 355, 357], "summary": {"covered_lines": 25, "num_statements": 60, "percent_covered": 41.666666666666664, "percent_covered_display": "42", "missing_lines": 35, "excluded_lines": 0}, "missing_lines": [290, 291, 293, 294, 296, 297, 299, 303, 304, 305, 308, 309, 310, 311, 313, 317, 318, 319, 332, 345, 350, 361, 362, 376, 380, 381, 382, 383, 384, 386, 387, 388, 391, 392, 394], "excluded_lines": []}, "": {"executed_lines": [3, 14, 15, 16, 17, 19, 20, 23, 24, 26, 34, 60, 92, 93, 95, 101, 105, 122, 123, 125, 140, 153, 186, 197, 198, 200, 215, 224, 249, 258, 259, 264, 288, 301, 315, 321, 359, 378], "summary": {"covered_lines": 32, "num_statements": 32, "percent_covered": 100.0, "percent_covered_display": "100", "missing_lines": 0, "excluded_lines": 0}, "missing_lines": [], "excluded_lines": []}}}, "auralis/utils/__init__.py": {"executed_lines": [3, 15, 16, 17, 19], "summary": {"covered_lines": 4, "num_statements": 4, "percent_covered": 100.0, "percent_covered_display": "100", "missing_lines": 0, "excluded_lines": 0}, "missing_lines": [], "excluded_lines": [], "functions": {"": {"executed_lines": [3, 15, 16, 17, 19], "summary": {"covered_lines": 4, "num_statements": 4, "percent_covered": 100.0, "percent_covered_display": "100", "missing_lines": 0, "excluded_lines": 0}, "missing_lines": [], "excluded_lines": []}}, "classes": {"": {"executed_lines": [3, 15, 16, 17, 19], "summary": {"covered_lines": 4, "num_statements": 4, "percent_covered": 100.0, "percent_covered_display": "100", "missing_lines": 0, "excluded_lines": 0}, "missing_lines": [], "excluded_lines": []}}}, "auralis/utils/checker.py": {"executed_lines": [3, 15, 16, 19, 39, 51, 52, 54, 57, 67, 69, 74, 75, 78], "summary": {"covered_lines": 13, "num_statements": 20, "percent_covered": 65.0, "percent_covered_display": "65", "missing_lines": 7, "excluded_lines": 0}, "missing_lines": [32, 36, 88, 90, 91, 92, 93], "excluded_lines": [], "functions": {"check": {"executed_lines": [], "summary": {"covered_lines": 0, "num_statements": 2, "percent_covered": 0.0, "percent_covered_display": "0", "missing_lines": 2, "excluded_lines": 0}, "missing_lines": [32, 36], "excluded_lines": []}, "check_equality": {"executed_lines": [51, 52, 54], "summary": {"covered_lines": 3, "num_statements": 3, "percent_covered": 100.0, "percent_covered_display": "100", "missing_lines": 0, "excluded_lines": 0}, "missing_lines": [], "excluded_lines": []}, "is_audio_file": {"executed_lines": [67, 69, 74, 75], "summary": {"covered_lines": 4, "num_statements": 4, "percent_covered": 100.0, "percent_covered_display": "100", "missing_lines": 0, "excluded_lines": 0}, "missing_lines": [], "excluded_lines": []}, "check_file_permissions": {"executed_lines": [], "summary": {"covered_lines": 0, "num_statements": 5, "percent_covered": 0.0, "percent_covered_display": "0", "missing_lines": 5, "excluded_lines": 0}, "missing_lines": [88, 90, 91, 92, 93], "excluded_lines": []}, "": {"executed_lines": [3, 15, 16, 19, 39, 57, 78], "summary": {"covered_lines": 6, "num_statements": 6, "percent_covered": 100.0, "percent_covered_display": "100", "missing_lines": 0, "excluded_lines": 0}, "missing_lines": [], "excluded_lines": []}}, "classes": {"": {"executed_lines": [3, 15, 16, 19, 39, 51, 52, 54, 57, 67, 69, 74, 75, 78], "summary": {"covered_lines": 13, "num_statements": 20, "percent_covered": 65.0, "percent_covered_display": "65", "missing_lines": 7, "excluded_lines": 0}, "missing_lines": [32, 36, 88, 90, 91, 92, 93], "excluded_lines": []}}}, "auralis/utils/helpers.py": {"executed_lines": [3, 15, 16, 19, 29, 32, 42, 45, 46, 47, 49, 50, 51, 52, 54, 57, 67, 70, 71, 72, 73], "summary": {"covered_lines": 20, "num_statements": 23, "percent_covered": 86.95652173913044, "percent_covered_display": "87", "missing_lines": 3, "excluded_lines": 0}, "missing_lines": [43, 68, 75], "excluded_lines": [], "functions": {"get_temp_folder": {"executed_lines": [29], "summary": {"covered_lines": 1, "num_statements": 1, "percent_covered": 100.0, "percent_covered_display": "100", "missing_lines": 0, "excluded_lines": 0}, "missing_lines": [], "excluded_lines": []}, "format_duration": {"executed_lines": [42, 45, 46, 47, 49, 50, 51, 52, 54], "summary": {"covered_lines": 9, "num_statements": 10, "percent_covered": 90.0, "percent_covered_display": "90", "missing_lines": 1, "excluded_lines": 0}, "missing_lines": [43], "excluded_lines": []}, "format_filesize": {"executed_lines": [67, 70, 71, 72, 73], "summary": {"covered_lines": 5, "num_statements": 7, "percent_covered": 71.42857142857143, "percent_covered_display": "71", "missing_lines": 2, "excluded_lines": 0}, "missing_lines": [68, 75], "excluded_lines": []}, "": {"executed_lines": [3, 15, 16, 19, 32, 57], "summary": {"covered_lines": 5, "num_statements": 5, "percent_covered": 100.0, "percent_covered_display": "100", "missing_lines": 0, "excluded_lines": 0}, "missing_lines": [], "excluded_lines": []}}, "classes": {"": {"executed_lines": [3, 15, 16, 19, 29, 32, 42, 45, 46, 47, 49, 50, 51, 52, 54, 57, 67, 70, 71, 72, 73], "summary": {"covered_lines": 20, "num_statements": 23, "percent_covered": 86.95652173913044, "percent_covered_display": "87", "missing_lines": 3, "excluded_lines": 0}, "missing_lines": [43, 68, 75], "excluded_lines": []}}}, "auralis/utils/logging.py": {"executed_lines": [3, 16, 17, 18, 19, 20, 21, 24, 25, 26, 27, 28, 32, 33, 36, 42, 45, 46, 47, 50, 55, 57, 61, 63, 67, 69, 73, 75, 79, 81], "summary": {"covered_lines": 27, "num_statements": 34, "percent_covered": 79.41176470588235, "percent_covered_display": "79", "missing_lines": 7, "excluded_lines": 0}, "missing_lines": [39, 52, 58, 64, 70, 76, 82], "excluded_lines": [], "functions": {"ModuleError.__init__": {"executed_lines": [27, 28], "summary": {"covered_lines": 2, "num_statements": 2, "percent_covered": 100.0, "percent_covered_display": "100", "missing_lines": 0, "excluded_lines": 0}, "missing_lines": [], "excluded_lines": []}, "set_log_handler": {"executed_lines": [], "summary": {"covered_lines": 0, "num_statements": 1, "percent_covered": 0.0, "percent_covered_display": "0", "missing_lines": 1, "excluded_lines": 0}, "missing_lines": [39], "excluded_lines": []}, "set_log_level": {"executed_lines": [45, 46, 47], "summary": {"covered_lines": 3, "num_statements": 3, "percent_covered": 100.0, "percent_covered_display": "100", "missing_lines": 0, "excluded_lines": 0}, "missing_lines": [], "excluded_lines": []}, "get_log_level": {"executed_lines": [], "summary": {"covered_lines": 0, "num_statements": 1, "percent_covered": 0.0, "percent_covered_display": "0", "missing_lines": 1, "excluded_lines": 0}, "missing_lines": [52], "excluded_lines": []}, "debug": {"executed_lines": [57], "summary": {"covered_lines": 1, "num_statements": 2, "percent_covered": 50.0, "percent_covered_display": "50", "missing_lines": 1, "excluded_lines": 0}, "missing_lines": [58], "excluded_lines": []}, "info": {"executed_lines": [63], "summary": {"covered_lines": 1, "num_statements": 2, "percent_covered": 50.0, "percent_covered_display": "50", "missing_lines": 1, "excluded_lines": 0}, "missing_lines": [64], "excluded_lines": []}, "warning": {"executed_lines": [69], "summary": {"covered_lines": 1, "num_statements": 2, "percent_covered": 50.0, "percent_covered_display": "50", "missing_lines": 1, "excluded_lines": 0}, "missing_lines": [70], "excluded_lines": []}, "error": {"executed_lines": [75], "summary": {"covered_lines": 1, "num_statements": 2, "percent_covered": 50.0, "percent_covered_display": "50", "missing_lines": 1, "excluded_lines": 0}, "missing_lines": [76], "excluded_lines": []}, "debug_line": {"executed_lines": [81], "summary": {"covered_lines": 1, "num_statements": 2, "percent_covered": 50.0, "percent_covered_display": "50", "missing_lines": 1, "excluded_lines": 0}, "missing_lines": [82], "excluded_lines": []}, "": {"executed_lines": [3, 16, 17, 18, 19, 20, 21, 24, 25, 26, 32, 33, 36, 42, 50, 55, 61, 67, 73, 79], "summary": {"covered_lines": 17, "num_statements": 17, "percent_covered": 100.0, "percent_covered_display": "100", "missing_lines": 0, "excluded_lines": 0}, "missing_lines": [], "excluded_lines": []}}, "classes": {"Code": {"executed_lines": [], "summary": {"covered_lines": 0, "num_statements": 0, "percent_covered": 100.0, "percent_covered_display": "100", "missing_lines": 0, "excluded_lines": 0}, "missing_lines": [], "excluded_lines": []}, "ModuleError": {"executed_lines": [27, 28], "summary": {"covered_lines": 2, "num_statements": 2, "percent_covered": 100.0, "percent_covered_display": "100", "missing_lines": 0, "excluded_lines": 0}, "missing_lines": [], "excluded_lines": []}, "": {"executed_lines": [3, 16, 17, 18, 19, 20, 21, 24, 25, 26, 32, 33, 36, 42, 45, 46, 47, 50, 55, 57, 61, 63, 67, 69, 73, 75, 79, 81], "summary": {"covered_lines": 25, "num_statements": 32, "percent_covered": 78.125, "percent_covered_display": "78", "missing_lines": 7, "excluded_lines": 0}, "missing_lines": [39, 52, 58, 64, 70, 76, 82], "excluded_lines": []}}}, "auralis/utils/preview_creator.py": {"executed_lines": [3, 15, 16, 19], "summary": {"covered_lines": 3, "num_statements": 11, "percent_covered": 27.272727272727273, "percent_covered_display": "27", "missing_lines": 8, "excluded_lines": 0}, "missing_lines": [30, 34, 35, 36, 38, 39, 40, 42], "excluded_lines": [], "functions": {"create_preview": {"executed_lines": [], "summary": {"covered_lines": 0, "num_statements": 8, "percent_covered": 0.0, "percent_covered_display": "0", "missing_lines": 8, "excluded_lines": 0}, "missing_lines": [30, 34, 35, 36, 38, 39, 40, 42], "excluded_lines": []}, "": {"executed_lines": [3, 15, 16, 19], "summary": {"covered_lines": 3, "num_statements": 3, "percent_covered": 100.0, "percent_covered_display": "100", "missing_lines": 0, "excluded_lines": 0}, "missing_lines": [], "excluded_lines": []}}, "classes": {"": {"executed_lines": [3, 15, 16, 19], "summary": {"covered_lines": 3, "num_statements": 11, "percent_covered": 27.272727272727273, "percent_covered_display": "27", "missing_lines": 8, "excluded_lines": 0}, "missing_lines": [30, 34, 35, 36, 38, 39, 40, 42], "excluded_lines": []}}}}, "totals": {"covered_lines": 3648, "num_statements": 5569, "percent_covered": 65.50547674627401, "percent_covered_display": "66", "missing_lines": 1921, "excluded_lines": 0}}